Removed Pin From Net: NetName=VCC Pin=AMS1-4
Removed Pin From Net: NetName=NetQ1_4 Pin=R3-1
Removed Pin From Net: NetName=12V Pin=R3-2
Removed Pin From Net: NetName=VCC Pin=R5-1
Removed Pin From Net: NetName=FRONT_SW Pin=R5-2
Removed Pin From Net: NetName=NetQ2_1 Pin=R9-1
Removed Pin From Net: NetName=GND Pin=R9-2
Change Component Comment : Designator=R1 Old Comment=Res_0805 New Comment=1K
Change Component Comment : Designator=R2 Old Comment=Res_0805 New Comment=1K
Change Component Comment : Designator=R6 Old Comment=Res_0805 New Comment=1K
Change Component Comment : Designator=R10 Old Comment=Res_0805 New Comment=1K
Change Component Comment : Designator=R11 Old Comment=Res_0805 New Comment=1K
Change Component Comment : Designator=R4 Old Comment=Res_0805 New Comment=2R
Change Component Comment : Designator=R9 Old Comment=Res_0805 New Comment=10K
Change Component Comment : Designator=R8 Old Comment=Res_0805 New Comment=47K
Change Component Comment : Designator=R7 Old Comment=Res_0805 New Comment=100
Change Component Comment : Designator=R3 Old Comment=Res_0805 New Comment=100K
Change Component Comment : Designator=R5 Old Comment=Res_0805 New Comment=100K
Change Component Designator: OldDesignator=1 NewDesignator=TR1
Change Component Designator: OldDesignator=L78L05 NewDesignator=LDO1
Added Pin To Net: NetName=12V Pin=R3-1
Added Pin To Net: NetName=NetQ1_4 Pin=R3-2
Added Pin To Net: NetName=FRONT_SW Pin=R5-1
Added Pin To Net: NetName=VCC Pin=R5-2
Added Pin To Net: NetName=GND Pin=R9-1
Added Pin To Net: NetName=NetQ2_1 Pin=R9-2
Change Net Name : Old Net Name=Net1_1 New Net Name=NetR2_1
Change Net Name : Old Net Name=Net1_2 New Net Name=NetC2_1
