Added Component: Designator=1(TRIM_BOURNS_3296Y)
Add component. Clean all parameters for all variants
Add component (AddParameter): Name = "Author"; Value = "CERN DEM JLC"; VariantName = "[No Variations]"
Add component (AddParameter): Name = "Case"; Value = "3296Y"; VariantName = "[No Variations]"
Add component (AddParameter): Name = "ComponentHeight"; Value = "11.55mm"; VariantName = "[No Variations]"
Add component (AddParameter): Name = "Component Type"; Value = "Standard"; VariantName = "[No Variations]"
Add component (AddParameter): Name = "CreateDate"; Value = "20/10/2008"; VariantName = "[No Variations]"
Add component (AddParameter): Name = "HelpURL"; Value = "\\cern.ch\dfs\Applications\Altium\Datasheets\TRIM_BOURNS_3296Y.pdf"; VariantName = "[No Variations]"
Add component (AddParameter): Name = "LatestRevisionDate"; Value = "28/11/2012"; VariantName = "[No Variations]"
Add component (AddParameter): Name = "Manufacturer"; Value = "BOURNS"; VariantName = "[No Variations]"
Add component (AddParameter): Name = "Manufacturer Part Number"; Value = "3296Y-1-105LF"; VariantName = "[No Variations]"
Add component (AddParameter): Name = "Mounted"; Value = "Yes"; VariantName = "[No Variations]"
Add component (AddParameter): Name = "Part Description"; Value = "25 Turn Trimming Potentiometer (Top Adjustement)"; VariantName = "[No Variations]"
Add component (AddParameter): Name = "Part Number"; Value = "TRIM_25T_1M_BOURNS_3296Y-1-105LF"; VariantName = "[No Variations]"
Add component (AddParameter): Name = "Pin Count"; Value = "3"; VariantName = "[No Variations]"
Add component (AddParameter): Name = "Power"; Value = "0.5W"; VariantName = "[No Variations]"
Add component (AddParameter): Name = "SMD"; Value = "No"; VariantName = "[No Variations]"
Add component (AddParameter): Name = "Socket"; Value = "No"; VariantName = "[No Variations]"
Add component (AddParameter): Name = "Supplier 1"; Value = "Digi-Key"; VariantName = "[No Variations]"
Add component (AddParameter): Name = "Supplier 2"; Value = "TME"; VariantName = "[No Variations]"
Add component (AddParameter): Name = "Supplier 3"; Value = "Mouser"; VariantName = "[No Variations]"
Add component (AddParameter): Name = "Supplier 4"; Value = "Arrow"; VariantName = "[No Variations]"
Add component (AddParameter): Name = "Supplier 5"; Value = "Digi-Key"; VariantName = "[No Variations]"
Add component (AddParameter): Name = "Supplier 6"; Value = "Farnell"; VariantName = "[No Variations]"
Add component (AddParameter): Name = "Supplier 7"; Value = "Mouser"; VariantName = "[No Variations]"
Add component (AddParameter): Name = "Supplier 8"; Value = "Allied"; VariantName = "[No Variations]"
Add component (AddParameter): Name = "Supplier 9"; Value = "Farnell"; VariantName = "[No Variations]"
Add component (AddParameter): Name = "Supplier Part Number 1"; Value = "3296W-105LF-ND"; VariantName = "[No Variations]"
Add component (AddParameter): Name = "Supplier Part Number 2"; Value = "3296Y-1-105LF"; VariantName = "[No Variations]"
Add component (AddParameter): Name = "Supplier Part Number 3"; Value = "652-3296Y-1-105"; VariantName = "[No Variations]"
Add component (AddParameter): Name = "Supplier Part Number 4"; Value = "ggKPwAKS2sB7yfOEZhzQbC3wJOBqSkwgVY0iHxrkrLU"; VariantName = "[No Variations]"
Add component (AddParameter): Name = "Supplier Part Number 5"; Value = "3296Y-105LF-ND"; VariantName = "[No Variations]"
Add component (AddParameter): Name = "Supplier Part Number 6"; Value = "1141425"; VariantName = "[No Variations]"
Add component (AddParameter): Name = "Supplier Part Number 7"; Value = "652-3296Y-1-105LF"; VariantName = "[No Variations]"
Add component (AddParameter): Name = "Supplier Part Number 8"; Value = "70154400"; VariantName = "[No Variations]"
Add component (AddParameter): Name = "Supplier Part Number 9"; Value = "9353542"; VariantName = "[No Variations]"
Add component (AddParameter): Name = "Table"; Value = "Potentiometers THD"; VariantName = "[No Variations]"
Add component (AddParameter): Name = "TC"; Value = "±100ppm/°C"; VariantName = "[No Variations]"
Add component (AddParameter): Name = "Tolerance"; Value = "±10%"; VariantName = "[No Variations]"
Add component (AddParameter): Name = "Value"; Value = "1M"; VariantName = "[No Variations]"
Added Component: Designator=AMS1(SOT223-3)
Add component. Clean all parameters for all variants
Added Component: Designator=C2(CAPPR350-850X800)
Add component. Clean all parameters for all variants
Add component (AddParameter): Name = "Author"; Value = "CERN DEM JMW"; VariantName = "[No Variations]"
Add component (AddParameter): Name = "Case"; Value = "LS3.5 D8.5 x H8"; VariantName = "[No Variations]"
Add component (AddParameter): Name = "ComponentHeight"; Value = "8mm"; VariantName = "[No Variations]"
Add component (AddParameter): Name = "Component Type"; Value = "Standard"; VariantName = "[No Variations]"
Add component (AddParameter): Name = "CreateDate"; Value = "17/11/2008"; VariantName = "[No Variations]"
Add component (AddParameter): Name = "HelpURL"; Value = "\\cern.ch\dfs\Applications\Altium\Datasheets\CAER_RUBYCON_25ML100M8X7.pdf"; VariantName = "[No Variations]"
Add component (AddParameter): Name = "LatestRevisionDate"; Value = "08/05/2013"; VariantName = "[No Variations]"
Add component (AddParameter): Name = "Manufacturer"; Value = "RUBYCON"; VariantName = "[No Variations]"
Add component (AddParameter): Name = "Manufacturer Part Number"; Value = "25ML100M8X7"; VariantName = "[No Variations]"
Add component (AddParameter): Name = "Mounted"; Value = "Yes"; VariantName = "[No Variations]"
Add component (AddParameter): Name = "Part Description"; Value = "Aluminum Electrolytic Capacitor, (ML Series)"; VariantName = "[No Variations]"
Add component (AddParameter): Name = "Part Number"; Value = "CAER_100UF_25V_20%_RUBYCON_25ML100M8X7"; VariantName = "[No Variations]"
Add component (AddParameter): Name = "Pin Count"; Value = "2"; VariantName = "[No Variations]"
Add component (AddParameter): Name = "SMD"; Value = "No"; VariantName = "[No Variations]"
Add component (AddParameter): Name = "Socket"; Value = "No"; VariantName = "[No Variations]"
Add component (AddParameter): Name = "Status"; Value = "None"; VariantName = "[No Variations]"
Add component (AddParameter): Name = "Table"; Value = "Capacitors THD"; VariantName = "[No Variations]"
Add component (AddParameter): Name = "Tolerance"; Value = "±20%"; VariantName = "[No Variations]"
Add component (AddParameter): Name = "Value"; Value = "100uF"; VariantName = "[No Variations]"
Add component (AddParameter): Name = "Voltage"; Value = "25V"; VariantName = "[No Variations]"
Added Component: Designator=FR.AV1(J_1)
Add component. Clean all parameters for all variants
Add component (AddParameter): Name = "DataSheet"; Value = ""; VariantName = "[No Variations]"
Add component (AddParameter): Name = "Mfg"; Value = ""; VariantName = "[No Variations]"
Add component (AddParameter): Name = "PartNumber"; Value = ""; VariantName = "[No Variations]"
Add component (AddParameter): Name = "Precision"; Value = ""; VariantName = "[No Variations]"
Add component (AddParameter): Name = "SMD_DIP"; Value = "SMD_DIP"; VariantName = "[No Variations]"
Add component (AddParameter): Name = "Корпус"; Value = ""; VariantName = "[No Variations]"
Add component (AddParameter): Name = "Поставщик"; Value = ""; VariantName = "[No Variations]"
Add component (AddParameter): Name = "Упаковка"; Value = "туб лента поддон"; VariantName = "[No Variations]"
Add component (AddParameter): Name = "DataSheet"; Value = ""; VariantName = "box35x30"
Add component (AddParameter): Name = "Mfg"; Value = ""; VariantName = "box35x30"
Add component (AddParameter): Name = "PartNumber"; Value = ""; VariantName = "box35x30"
Add component (AddParameter): Name = "Precision"; Value = ""; VariantName = "box35x30"
Add component (AddParameter): Name = "SMD_DIP"; Value = "SMD_DIP"; VariantName = "box35x30"
Add component (AddParameter): Name = "Корпус"; Value = ""; VariantName = "box35x30"
Add component (AddParameter): Name = "Поставщик"; Value = ""; VariantName = "box35x30"
Add component (AddParameter): Name = "Упаковка"; Value = "туб лента поддон"; VariantName = "box35x30"
Added Component: Designator=FRONT 1(J_1)
Add component. Clean all parameters for all variants
Add component (AddParameter): Name = "DataSheet"; Value = ""; VariantName = "[No Variations]"
Add component (AddParameter): Name = "Mfg"; Value = ""; VariantName = "[No Variations]"
Add component (AddParameter): Name = "PartNumber"; Value = ""; VariantName = "[No Variations]"
Add component (AddParameter): Name = "Precision"; Value = ""; VariantName = "[No Variations]"
Add component (AddParameter): Name = "SMD_DIP"; Value = "SMD_DIP"; VariantName = "[No Variations]"
Add component (AddParameter): Name = "Корпус"; Value = ""; VariantName = "[No Variations]"
Add component (AddParameter): Name = "Поставщик"; Value = ""; VariantName = "[No Variations]"
Add component (AddParameter): Name = "Упаковка"; Value = "туб лента поддон"; VariantName = "[No Variations]"
Add component (AddParameter): Name = "DataSheet"; Value = ""; VariantName = "box35x30"
Add component (AddParameter): Name = "Mfg"; Value = ""; VariantName = "box35x30"
Add component (AddParameter): Name = "PartNumber"; Value = ""; VariantName = "box35x30"
Add component (AddParameter): Name = "Precision"; Value = ""; VariantName = "box35x30"
Add component (AddParameter): Name = "SMD_DIP"; Value = "SMD_DIP"; VariantName = "box35x30"
Add component (AddParameter): Name = "Корпус"; Value = ""; VariantName = "box35x30"
Add component (AddParameter): Name = "Поставщик"; Value = ""; VariantName = "box35x30"
Add component (AddParameter): Name = "Упаковка"; Value = "туб лента поддон"; VariantName = "box35x30"
Added Component: Designator=FRONT1(RCA)
Add component. Clean all parameters for all variants
Added Component: Designator=GFRONT1(J_1)
Add component. Clean all parameters for all variants
Add component (AddParameter): Name = "DataSheet"; Value = ""; VariantName = "[No Variations]"
Add component (AddParameter): Name = "Mfg"; Value = ""; VariantName = "[No Variations]"
Add component (AddParameter): Name = "PartNumber"; Value = ""; VariantName = "[No Variations]"
Add component (AddParameter): Name = "Precision"; Value = ""; VariantName = "[No Variations]"
Add component (AddParameter): Name = "SMD_DIP"; Value = "SMD_DIP"; VariantName = "[No Variations]"
Add component (AddParameter): Name = "Корпус"; Value = ""; VariantName = "[No Variations]"
Add component (AddParameter): Name = "Поставщик"; Value = ""; VariantName = "[No Variations]"
Add component (AddParameter): Name = "Упаковка"; Value = "туб лента поддон"; VariantName = "[No Variations]"
Add component (AddParameter): Name = "DataSheet"; Value = ""; VariantName = "box35x30"
Add component (AddParameter): Name = "Mfg"; Value = ""; VariantName = "box35x30"
Add component (AddParameter): Name = "PartNumber"; Value = ""; VariantName = "box35x30"
Add component (AddParameter): Name = "Precision"; Value = ""; VariantName = "box35x30"
Add component (AddParameter): Name = "SMD_DIP"; Value = "SMD_DIP"; VariantName = "box35x30"
Add component (AddParameter): Name = "Корпус"; Value = ""; VariantName = "box35x30"
Add component (AddParameter): Name = "Поставщик"; Value = ""; VariantName = "box35x30"
Add component (AddParameter): Name = "Упаковка"; Value = "туб лента поддон"; VariantName = "box35x30"
Added Component: Designator=GOUT1(J_1)
Add component. Clean all parameters for all variants
Add component (AddParameter): Name = "DataSheet"; Value = ""; VariantName = "[No Variations]"
Add component (AddParameter): Name = "Mfg"; Value = ""; VariantName = "[No Variations]"
Add component (AddParameter): Name = "PartNumber"; Value = ""; VariantName = "[No Variations]"
Add component (AddParameter): Name = "Precision"; Value = ""; VariantName = "[No Variations]"
Add component (AddParameter): Name = "SMD_DIP"; Value = "SMD_DIP"; VariantName = "[No Variations]"
Add component (AddParameter): Name = "Корпус"; Value = ""; VariantName = "[No Variations]"
Add component (AddParameter): Name = "Поставщик"; Value = ""; VariantName = "[No Variations]"
Add component (AddParameter): Name = "Упаковка"; Value = "туб лента поддон"; VariantName = "[No Variations]"
Add component (AddParameter): Name = "DataSheet"; Value = ""; VariantName = "box35x30"
Add component (AddParameter): Name = "Mfg"; Value = ""; VariantName = "box35x30"
Add component (AddParameter): Name = "PartNumber"; Value = ""; VariantName = "box35x30"
Add component (AddParameter): Name = "Precision"; Value = ""; VariantName = "box35x30"
Add component (AddParameter): Name = "SMD_DIP"; Value = "SMD_DIP"; VariantName = "box35x30"
Add component (AddParameter): Name = "Корпус"; Value = ""; VariantName = "box35x30"
Add component (AddParameter): Name = "Поставщик"; Value = ""; VariantName = "box35x30"
Add component (AddParameter): Name = "Упаковка"; Value = "туб лента поддон"; VariantName = "box35x30"
Added Component: Designator=GREAR1(J_1)
Add component. Clean all parameters for all variants
Add component (AddParameter): Name = "DataSheet"; Value = ""; VariantName = "[No Variations]"
Add component (AddParameter): Name = "Mfg"; Value = ""; VariantName = "[No Variations]"
Add component (AddParameter): Name = "PartNumber"; Value = ""; VariantName = "[No Variations]"
Add component (AddParameter): Name = "Precision"; Value = ""; VariantName = "[No Variations]"
Add component (AddParameter): Name = "SMD_DIP"; Value = "SMD_DIP"; VariantName = "[No Variations]"
Add component (AddParameter): Name = "Корпус"; Value = ""; VariantName = "[No Variations]"
Add component (AddParameter): Name = "Поставщик"; Value = ""; VariantName = "[No Variations]"
Add component (AddParameter): Name = "Упаковка"; Value = "туб лента поддон"; VariantName = "[No Variations]"
Add component (AddParameter): Name = "DataSheet"; Value = ""; VariantName = "box35x30"
Add component (AddParameter): Name = "Mfg"; Value = ""; VariantName = "box35x30"
Add component (AddParameter): Name = "PartNumber"; Value = ""; VariantName = "box35x30"
Add component (AddParameter): Name = "Precision"; Value = ""; VariantName = "box35x30"
Add component (AddParameter): Name = "SMD_DIP"; Value = "SMD_DIP"; VariantName = "box35x30"
Add component (AddParameter): Name = "Корпус"; Value = ""; VariantName = "box35x30"
Add component (AddParameter): Name = "Поставщик"; Value = ""; VariantName = "box35x30"
Add component (AddParameter): Name = "Упаковка"; Value = "туб лента поддон"; VariantName = "box35x30"
Added Component: Designator=LD1(LED_AVAGO_HSMC-C110)
Add component. Clean all parameters for all variants
Add component (AddParameter): Name = "Author"; Value = "CERN DEM JMW"; VariantName = "[No Variations]"
Add component (AddParameter): Name = "Color"; Value = "Red"; VariantName = "[No Variations]"
Add component (AddParameter): Name = "ComponentHeight"; Value = "1.1mm"; VariantName = "[No Variations]"
Add component (AddParameter): Name = "ComponentLink1Description"; Value = "Design Guide"; VariantName = "[No Variations]"
Add component (AddParameter): Name = "ComponentLink1URL"; Value = "\\cern.ch\dfs\Applications\Altium\Datasheets\LED_AVAGO_HSMC-C110_DESIGN-GUIDE.pdf"; VariantName = "[No Variations]"
Add component (AddParameter): Name = "Component Type"; Value = "Standard"; VariantName = "[No Variations]"
Add component (AddParameter): Name = "CreateDate"; Value = "30/07/2009"; VariantName = "[No Variations]"
Add component (AddParameter): Name = "HelpURL"; Value = "\\cern.ch\dfs\Applications\Altium\Datasheets\LED_AVAGO_HSMC-C110.pdf"; VariantName = "[No Variations]"
Add component (AddParameter): Name = "LatestRevisionDate"; Value = "20/06/2012"; VariantName = "[No Variations]"
Add component (AddParameter): Name = "Manufacturer"; Value = "AVAGO TECHNOLOGIES"; VariantName = "[No Variations]"
Add component (AddParameter): Name = "Manufacturer Part Number"; Value = "HSMC-C110"; VariantName = "[No Variations]"
Add component (AddParameter): Name = "Mounted"; Value = "Yes"; VariantName = "[No Variations]"
Add component (AddParameter): Name = "PackageDescription"; Value = "Red Chip LED, 2-Leads, Body 3.3x1.6mm, Side Emitting Package"; VariantName = "[No Variations]"
Add component (AddParameter): Name = "Part Description"; Value = "High Performance Right Angle Chip Red LED"; VariantName = "[No Variations]"
Add component (AddParameter): Name = "Part Number"; Value = "LED_AVAGO_HSMC-C110"; VariantName = "[No Variations]"
Add component (AddParameter): Name = "Pin Count"; Value = "2"; VariantName = "[No Variations]"
Add component (AddParameter): Name = "SMD"; Value = "Yes"; VariantName = "[No Variations]"
Add component (AddParameter): Name = "Socket"; Value = "No"; VariantName = "[No Variations]"
Add component (AddParameter): Name = "Supplier 1"; Value = "Mouser"; VariantName = "[No Variations]"
Add component (AddParameter): Name = "Supplier Part Number 1"; Value = "630-HSMC-C110"; VariantName = "[No Variations]"
Add component (AddParameter): Name = "Table"; Value = "LEDs & Displays"; VariantName = "[No Variations]"
Added Component: Designator=OUT.AV1(J_1)
Add component. Clean all parameters for all variants
Add component (AddParameter): Name = "DataSheet"; Value = ""; VariantName = "[No Variations]"
Add component (AddParameter): Name = "Mfg"; Value = ""; VariantName = "[No Variations]"
Add component (AddParameter): Name = "PartNumber"; Value = ""; VariantName = "[No Variations]"
Add component (AddParameter): Name = "Precision"; Value = ""; VariantName = "[No Variations]"
Add component (AddParameter): Name = "SMD_DIP"; Value = "SMD_DIP"; VariantName = "[No Variations]"
Add component (AddParameter): Name = "Корпус"; Value = ""; VariantName = "[No Variations]"
Add component (AddParameter): Name = "Поставщик"; Value = ""; VariantName = "[No Variations]"
Add component (AddParameter): Name = "Упаковка"; Value = "туб лента поддон"; VariantName = "[No Variations]"
Add component (AddParameter): Name = "DataSheet"; Value = ""; VariantName = "box35x30"
Add component (AddParameter): Name = "Mfg"; Value = ""; VariantName = "box35x30"
Add component (AddParameter): Name = "PartNumber"; Value = ""; VariantName = "box35x30"
Add component (AddParameter): Name = "Precision"; Value = ""; VariantName = "box35x30"
Add component (AddParameter): Name = "SMD_DIP"; Value = "SMD_DIP"; VariantName = "box35x30"
Add component (AddParameter): Name = "Корпус"; Value = ""; VariantName = "box35x30"
Add component (AddParameter): Name = "Поставщик"; Value = ""; VariantName = "box35x30"
Add component (AddParameter): Name = "Упаковка"; Value = "туб лента поддон"; VariantName = "box35x30"
Added Component: Designator=OUTPUT1(RCA)
Add component. Clean all parameters for all variants
Added Component: Designator=Q2(SOT23-3)
Add component. Clean all parameters for all variants
Add component (AddParameter): Name = "Manufacturer 1"; Value = "Fairchild Semiconductor"; VariantName = "[No Variations]"
Add component (AddParameter): Name = "Manufacturer 2"; Value = "NXP Semiconductors"; VariantName = "[No Variations]"
Add component (AddParameter): Name = "Manufacturer Part Number 1"; Value = "MMBT2222A"; VariantName = "[No Variations]"
Add component (AddParameter): Name = "Manufacturer Part Number 2"; Value = "MMBT2222A"; VariantName = "[No Variations]"
Add component (AddParameter): Name = "Material"; Value = "Si"; VariantName = "[No Variations]"
Add component (AddParameter): Name = "Mounting Type"; Value = "Surface Mount"; VariantName = "[No Variations]"
Add component (AddParameter): Name = "Package / Case"; Value = "SOT-23"; VariantName = "[No Variations]"
Add component (AddParameter): Name = "Ratings"; Value = "40V; 600mA; 250mW"; VariantName = "[No Variations]"
Add component (AddParameter): Name = "SCDType"; Value = "source"; VariantName = "[No Variations]"
Add component (AddParameter): Name = "Supplier 1"; Value = "Digi-Key"; VariantName = "[No Variations]"
Add component (AddParameter): Name = "Supplier 2"; Value = "Digi-Key"; VariantName = "[No Variations]"
Add component (AddParameter): Name = "Supplier Part Number 1"; Value = "MMBT2222AFSTR-ND"; VariantName = "[No Variations]"
Add component (AddParameter): Name = "Supplier Part Number 2"; Value = "568-4509-2-ND"; VariantName = "[No Variations]"
Add component (AddParameter): Name = "Value"; Value = "MBT2222"; VariantName = "[No Variations]"
Added Component: Designator=Q3(SOT23-3)
Add component. Clean all parameters for all variants
Add component (AddParameter): Name = "Manufacturer 1"; Value = "Fairchild Semiconductor"; VariantName = "[No Variations]"
Add component (AddParameter): Name = "Manufacturer 2"; Value = "NXP Semiconductors"; VariantName = "[No Variations]"
Add component (AddParameter): Name = "Manufacturer Part Number 1"; Value = "MMBT2222A"; VariantName = "[No Variations]"
Add component (AddParameter): Name = "Manufacturer Part Number 2"; Value = "MMBT2222A"; VariantName = "[No Variations]"
Add component (AddParameter): Name = "Material"; Value = "Si"; VariantName = "[No Variations]"
Add component (AddParameter): Name = "Mounting Type"; Value = "Surface Mount"; VariantName = "[No Variations]"
Add component (AddParameter): Name = "Package / Case"; Value = "SOT-23"; VariantName = "[No Variations]"
Add component (AddParameter): Name = "Ratings"; Value = "40V; 600mA; 250mW"; VariantName = "[No Variations]"
Add component (AddParameter): Name = "SCDType"; Value = "source"; VariantName = "[No Variations]"
Add component (AddParameter): Name = "Supplier 1"; Value = "Digi-Key"; VariantName = "[No Variations]"
Add component (AddParameter): Name = "Supplier 2"; Value = "Digi-Key"; VariantName = "[No Variations]"
Add component (AddParameter): Name = "Supplier Part Number 1"; Value = "MMBT2222AFSTR-ND"; VariantName = "[No Variations]"
Add component (AddParameter): Name = "Supplier Part Number 2"; Value = "568-4509-2-ND"; VariantName = "[No Variations]"
Add component (AddParameter): Name = "Value"; Value = "MBT2222"; VariantName = "[No Variations]"
Added Component: Designator=R8(AXIAL-0.3)
Add component. Clean all parameters for all variants
Add component (AddParameter): Name = "Supplier 1"; Value = "Allied"; VariantName = "[No Variations]"
Add component (AddParameter): Name = "Supplier Part Number 1"; Value = "70265297"; VariantName = "[No Variations]"
Add component (AddParameter): Name = "Value"; Value = "47K"; VariantName = "[No Variations]"
Added Component: Designator=REAR 1(J_1)
Add component. Clean all parameters for all variants
Add component (AddParameter): Name = "DataSheet"; Value = ""; VariantName = "[No Variations]"
Add component (AddParameter): Name = "Mfg"; Value = ""; VariantName = "[No Variations]"
Add component (AddParameter): Name = "PartNumber"; Value = ""; VariantName = "[No Variations]"
Add component (AddParameter): Name = "Precision"; Value = ""; VariantName = "[No Variations]"
Add component (AddParameter): Name = "SMD_DIP"; Value = "SMD_DIP"; VariantName = "[No Variations]"
Add component (AddParameter): Name = "Корпус"; Value = ""; VariantName = "[No Variations]"
Add component (AddParameter): Name = "Поставщик"; Value = ""; VariantName = "[No Variations]"
Add component (AddParameter): Name = "Упаковка"; Value = "туб лента поддон"; VariantName = "[No Variations]"
Add component (AddParameter): Name = "DataSheet"; Value = ""; VariantName = "box35x30"
Add component (AddParameter): Name = "Mfg"; Value = ""; VariantName = "box35x30"
Add component (AddParameter): Name = "PartNumber"; Value = ""; VariantName = "box35x30"
Add component (AddParameter): Name = "Precision"; Value = ""; VariantName = "box35x30"
Add component (AddParameter): Name = "SMD_DIP"; Value = "SMD_DIP"; VariantName = "box35x30"
Add component (AddParameter): Name = "Корпус"; Value = ""; VariantName = "box35x30"
Add component (AddParameter): Name = "Поставщик"; Value = ""; VariantName = "box35x30"
Add component (AddParameter): Name = "Упаковка"; Value = "туб лента поддон"; VariantName = "box35x30"
Added Component: Designator=REAR1(RCA)
Add component. Clean all parameters for all variants
Added Component: Designator=REAR.AV1(J_1)
Add component. Clean all parameters for all variants
Add component (AddParameter): Name = "DataSheet"; Value = ""; VariantName = "[No Variations]"
Add component (AddParameter): Name = "Mfg"; Value = ""; VariantName = "[No Variations]"
Add component (AddParameter): Name = "PartNumber"; Value = ""; VariantName = "[No Variations]"
Add component (AddParameter): Name = "Precision"; Value = ""; VariantName = "[No Variations]"
Add component (AddParameter): Name = "SMD_DIP"; Value = "SMD_DIP"; VariantName = "[No Variations]"
Add component (AddParameter): Name = "Корпус"; Value = ""; VariantName = "[No Variations]"
Add component (AddParameter): Name = "Поставщик"; Value = ""; VariantName = "[No Variations]"
Add component (AddParameter): Name = "Упаковка"; Value = "туб лента поддон"; VariantName = "[No Variations]"
Add component (AddParameter): Name = "DataSheet"; Value = ""; VariantName = "box35x30"
Add component (AddParameter): Name = "Mfg"; Value = ""; VariantName = "box35x30"
Add component (AddParameter): Name = "PartNumber"; Value = ""; VariantName = "box35x30"
Add component (AddParameter): Name = "Precision"; Value = ""; VariantName = "box35x30"
Add component (AddParameter): Name = "SMD_DIP"; Value = "SMD_DIP"; VariantName = "box35x30"
Add component (AddParameter): Name = "Корпус"; Value = ""; VariantName = "box35x30"
Add component (AddParameter): Name = "Поставщик"; Value = ""; VariantName = "box35x30"
Add component (AddParameter): Name = "Упаковка"; Value = "туб лента поддон"; VariantName = "box35x30"
Added Component: Designator=U1(SO8)
Add component. Clean all parameters for all variants
Add component (AddParameter): Name = "Category"; Value = "Integrated Circuits (ICs)"; VariantName = "[No Variations]"
Add component (AddParameter): Name = "Count"; Value = "-"; VariantName = "[No Variations]"
Add component (AddParameter): Name = "Current"; Value = "200mA"; VariantName = "[No Variations]"
Add component (AddParameter): Name = "Frequency"; Value = "500kHz"; VariantName = "[No Variations]"
Add component (AddParameter): Name = "Manufacturer"; Value = "STMicroelectronics"; VariantName = "[No Variations]"
Add component (AddParameter): Name = "Manufacturer Part Number"; Value = "NE555DT"; VariantName = "[No Variations]"
Add component (AddParameter): Name = "Operating Temperature"; Value = "0°C ~ 70°C"; VariantName = "[No Variations]"
Add component (AddParameter): Name = "Package / Case"; Value = "8-SOIC (3.9mm Width)"; VariantName = "[No Variations]"
Add component (AddParameter): Name = "Packaging"; Value = "Tape & Reel (TR)"; VariantName = "[No Variations]"
Add component (AddParameter): Name = "RoHS"; Value = "RoHS Compliant"; VariantName = "[No Variations]"
Add component (AddParameter): Name = "Supplier"; Value = "Digi-Key"; VariantName = "[No Variations]"
Add component (AddParameter): Name = "Supplier 1"; Value = "Digi-Key"; VariantName = "[No Variations]"
Add component (AddParameter): Name = "Supplier Part Number"; Value = "497-1962-2-ND"; VariantName = "[No Variations]"
Add component (AddParameter): Name = "Supplier Part Number 1"; Value = "497-1962-2-ND"; VariantName = "[No Variations]"
Add component (AddParameter): Name = "Type"; Value = "555 Type, Timer/Oscillator (Single)"; VariantName = "[No Variations]"
Add component (AddParameter): Name = "Voltage - Supply"; Value = "4.5 V ~ 16 V"; VariantName = "[No Variations]"
Added Pin To Net: NetName=Net1_1 Pin=1-1
Added Pin To Net: NetName=Net1_2 Pin=1-2
Added Pin To Net: NetName=Net1_2 Pin=1-3
Added Pin To Net: NetName=GND Pin=AMS1-1
Added Pin To Net: NetName=12V Pin=AMS1-2
Added Pin To Net: NetName=VCC Pin=AMS1-3
Added Pin To Net: NetName=Net1_2 Pin=C2-1
Added Pin To Net: NetName=GND Pin=C2-2
Added Pin To Net: NetName=FRONT_AV Pin=FR.AV1-1
Added Pin To Net: NetName=CAMERA+12V Pin=FRONT 1-1
Added Pin To Net: NetName=GND Pin=FRONT1-1
Added Pin To Net: NetName=GND Pin=FRONT1-1
Added Pin To Net: NetName=FRONT_AV Pin=FRONT1-2
Added Pin To Net: NetName=FRONT_AV Pin=FRONT1-3
Added Pin To Net: NetName=GND Pin=GFRONT1-1
Added Pin To Net: NetName=GND Pin=GOUT1-1
Added Pin To Net: NetName=GND Pin=GREAR1-1
Added Pin To Net: NetName=NetLD1_1 Pin=LD1-1
Added Pin To Net: NetName=CAMERA+12V Pin=LD1-2
Added Pin To Net: NetName=VIDEO_OUT1 Pin=OUT.AV1-1
Added Pin To Net: NetName=GND Pin=OUTPUT1-1
Added Pin To Net: NetName=GND Pin=OUTPUT1-1
Added Pin To Net: NetName=VIDEO_OUT1 Pin=OUTPUT1-2
Added Pin To Net: NetName=VIDEO_OUT1 Pin=OUTPUT1-3
Added Pin To Net: NetName=NetQ2_1 Pin=Q2-1
Added Pin To Net: NetName=GND Pin=Q2-2
Added Pin To Net: NetName=FRONT_SW Pin=Q2-3
Added Pin To Net: NetName=NetQ3_1 Pin=Q3-1
Added Pin To Net: NetName=GND Pin=Q3-2
Added Pin To Net: NetName=NetQ3_3 Pin=Q3-3
Added Pin To Net: NetName=FROM_REVERSE Pin=R8-1
Added Pin To Net: NetName=NetQ2_1 Pin=R8-2
Added Pin To Net: NetName=FROM_REVERSE Pin=REAR 1-1
Added Pin To Net: NetName=GND Pin=REAR1-1
Added Pin To Net: NetName=GND Pin=REAR1-1
Added Pin To Net: NetName=REAR_AV Pin=REAR1-2
Added Pin To Net: NetName=REAR_AV Pin=REAR1-3
Added Pin To Net: NetName=REAR_AV Pin=REAR.AV1-1
Added Pin To Net: NetName=GND Pin=U1-1
Added Pin To Net: NetName=NetR10_2 Pin=U1-2
Added Pin To Net: NetName=NetR6_2 Pin=U1-3
Added Pin To Net: NetName=FRONT_SW Pin=U1-4
Added Pin To Net: NetName=NetC3_2 Pin=U1-5
Added Pin To Net: NetName=Net1_2 Pin=U1-6
Added Pin To Net: NetName=Net1_2 Pin=U1-7
Added Pin To Net: NetName=12V Pin=U1-8
Added Member To Class: ClassName=Sheet2 Member=Component 1 1M
Added Member To Class: ClassName=Sheet2 Member=Component AMS1 AMS1117
Added Member To Class: ClassName=Sheet2 Member=Component C2 100uF
Added Member To Class: ClassName=Sheet2 Member=Component FR.AV1 CON1
Added Member To Class: ClassName=Sheet2 Member=Component FRONT 1 CON1
Added Member To Class: ClassName=Sheet2 Member=Component FRONT1 RCA
Added Member To Class: ClassName=Sheet2 Member=Component GFRONT1 CON1
Added Member To Class: ClassName=Sheet2 Member=Component GOUT1 CON1
Added Member To Class: ClassName=Sheet2 Member=Component GREAR1 CON1
Added Member To Class: ClassName=Sheet2 Member=Component LD1 Red
Added Member To Class: ClassName=Sheet2 Member=Component OUT.AV1 CON1
Added Member To Class: ClassName=Sheet2 Member=Component OUTPUT1 RCA
Added Member To Class: ClassName=Sheet2 Member=Component Q2 MBT2222
Added Member To Class: ClassName=Sheet2 Member=Component Q3 MBT2222
Added Member To Class: ClassName=Sheet2 Member=Component R8 Res_0805
Added Member To Class: ClassName=Sheet2 Member=Component REAR 1 CON1
Added Member To Class: ClassName=Sheet2 Member=Component REAR1 RCA
Added Member To Class: ClassName=Sheet2 Member=Component REAR.AV1 CON1
Added Member To Class: ClassName=Sheet2 Member=Component U1 NE555
