Removed Pin From Net: NetName=12V Pin=3296-TRRIMER-1M-1
Removed Pin From Net: NetName=GND Pin=C1-1
Removed Pin From Net: NetName=Net3296-TRRIMER-1M_2 Pin=C1-2
Added Component: Designator=FRONT(RCA)
Added Component: Designator=LDO1-1(D2PAK)
Added Component: Designator=OUTPUT(RCA)
Added Component: Designator=P1(MHDR1X6)
Added Component: Designator=P3(MHDR1X4)
Added Component: Designator=REAR(RCA)
Added Pin To Net: NetName=Net3296-TRRIMER-1M_2 Pin=C1-1
Added Pin To Net: NetName=GND Pin=C1-2
Added Pin To Net: NetName=GND Pin=FRONT-1
Added Pin To Net: NetName=GND Pin=FRONT-1
Added Pin To Net: NetName=V1_Y1 Pin=FRONT-2
Added Pin To Net: NetName=V1_Y1 Pin=FRONT-3
Added Pin To Net: NetName=12V Pin=LDO1-1-1
Added Pin To Net: NetName=GND Pin=LDO1-1-2
Added Pin To Net: NetName=VCC Pin=LDO1-1-3
Added Pin To Net: NetName=GND Pin=OUTPUT-1
Added Pin To Net: NetName=GND Pin=OUTPUT-1
Added Pin To Net: NetName=VIDEO_OUT1 Pin=OUTPUT-2
Added Pin To Net: NetName=VIDEO_OUT1 Pin=OUTPUT-3
Added Pin To Net: NetName=VIDEO_OUT1 Pin=P1-1
Added Pin To Net: NetName=GND Pin=P1-2
Added Pin To Net: NetName=V1_Y0 Pin=P1-3
Added Pin To Net: NetName=GND Pin=P1-4
Added Pin To Net: NetName=V1_Y1 Pin=P1-5
Added Pin To Net: NetName=GND Pin=P1-6
Added Pin To Net: NetName=BAT12V Pin=P3-1
Added Pin To Net: NetName=GND Pin=P3-2
Added Pin To Net: NetName=CAMERA+12V Pin=P3-3
Added Pin To Net: NetName=FROM_REVERSE Pin=P3-4
Added Pin To Net: NetName=GND Pin=REAR-1
Added Pin To Net: NetName=GND Pin=REAR-1
Added Pin To Net: NetName=V1_Y0 Pin=REAR-2
Added Pin To Net: NetName=V1_Y0 Pin=REAR-3
Change Net Name : Old Net Name=V1_Y0 New Net Name=REAR_AV
Change Net Name : Old Net Name=V1_Y1 New Net Name=FRONT_AV
Added Pin To Net: NetName=Net3296-TRRIMER-1M_1 Pin=3296-TRRIMER-1M-1
Added Net: Name=Net3296-TRRIMER-1M_1
Added Member To Class: ClassName=Sheet2 Member=Component FRONT RCA
Added Member To Class: ClassName=Sheet2 Member=Component LDO1-1 L7805
Added Member To Class: ClassName=Sheet2 Member=Component OUTPUT RCA
Added Member To Class: ClassName=Sheet2 Member=Component P1 VIDEO
Added Member To Class: ClassName=Sheet2 Member=Component P3 MHDR1X4
Added Member To Class: ClassName=Sheet2 Member=Component R7 Res_0805
Added Member To Class: ClassName=Sheet2 Member=Component REAR RCA
