Change Component Designator: OldDesignator=J1 NewDesignator=OUT1+
Change Component Designator: OldDesignator=J2 NewDesignator=REAR+
Change Component Designator: OldDesignator=J3 NewDesignator=FRONT+
Added Component: Designator=FRONT-(J_1)
Added Component: Designator=FRONT(RCA)
Added Component: Designator=OUT-(J_1)
Added Component: Designator=OUTPUT(RCA)
Added Component: Designator=REAR-(J_1)
Added Component: Designator=REAR(RCA)
Added Component: Designator=U3(948F-01_N)
Added Pin To Net: NetName=GND Pin=FRONT-1
Added Pin To Net: NetName=GND Pin=FRONT-1
Added Pin To Net: NetName=V1_Y1 Pin=FRONT-2
Added Pin To Net: NetName=V1_Y1 Pin=FRONT-3
Added Pin To Net: NetName=GND Pin=FRONT--1
Added Pin To Net: NetName=GND Pin=OUT--1
Added Pin To Net: NetName=GND Pin=OUTPUT-1
Added Pin To Net: NetName=GND Pin=OUTPUT-1
Added Pin To Net: NetName=VIDEO_OUT1 Pin=OUTPUT-2
Added Pin To Net: NetName=VIDEO_OUT1 Pin=OUTPUT-3
Added Pin To Net: NetName=GND Pin=REAR-1
Added Pin To Net: NetName=GND Pin=REAR-1
Added Pin To Net: NetName=V1_Y0 Pin=REAR-2
Added Pin To Net: NetName=V1_Y0 Pin=REAR-3
Added Pin To Net: NetName=GND Pin=REAR--1
Added Pin To Net: NetName=GND Pin=U3-6
Added Pin To Net: NetName=GND Pin=U3-7
Added Pin To Net: NetName=GND Pin=U3-8
Added Pin To Net: NetName=GND Pin=U3-9
Added Pin To Net: NetName=FRONT_SW Pin=U3-10
Added Pin To Net: NetName=V1_Y0 Pin=U3-12
Added Pin To Net: NetName=VIDEO_OUT1 Pin=U3-13
Added Pin To Net: NetName=V1_Y1 Pin=U3-14
Added Pin To Net: NetName=VCC Pin=U3-16
Added Member To Class: ClassName=Sheet2 Member=Component FRONT- CON1
Added Member To Class: ClassName=Sheet2 Member=Component FRONT RCA
Added Member To Class: ClassName=Sheet2 Member=Component OUT- CON1
Added Member To Class: ClassName=Sheet2 Member=Component OUTPUT RCA
Added Member To Class: ClassName=Sheet2 Member=Component REAR- CON1
Added Member To Class: ClassName=Sheet2 Member=Component REAR RCA
Added Member To Class: ClassName=Sheet2 Member=Component U3 MC74HC4052DT
