Added Component: Designator=3296-TRRIMER-1M(TRIM_BOURNS_3296Y)
Added Component: Designator=C1(CAP_TAN_B1210)
Added Component: Designator=C2(CAP_0805)
Added Component: Designator=C4(CAP_0805)
Added Component: Designator=C5(CAPC2220(5750)230_N)
Added Component: Designator=C6(AVX-CAPC3528_V)
Added Component: Designator=FRONT(RCA)
Added Component: Designator=HC4052(751B-05_N)
Added Component: Designator=LDO1(SOT-89_N)
Added Component: Designator=OUTPUT(RCA)
Added Component: Designator=P2(HDR1X6)
Added Component: Designator=Q1(SO-8_N)
Added Component: Designator=Q2(SOT23-3)
Added Component: Designator=Q3(SOT23-3)
Added Component: Designator=R1(RES_0805)
Added Component: Designator=R2(RES_0805)
Added Component: Designator=R3(RES_0805)
Added Component: Designator=R4(RES_0805)
Added Component: Designator=R5(RES_0805)
Added Component: Designator=R6(RES_0805)
Added Component: Designator=R7(RES_0805)
Added Component: Designator=R8(RES_0805)
Added Component: Designator=R9(RES_0805)
Added Component: Designator=REAR(RCA)
Added Component: Designator=U1(SO8)
Added Component: Designator=U3(948F-01_N)
Added Pin To Net: NetName=12V Pin=3296-TRRIMER-1M-1
Added Pin To Net: NetName=12V Pin=C6-1
Added Pin To Net: NetName=12V Pin=LDO1-3
Added Pin To Net: NetName=12V Pin=R1-2
Added Pin To Net: NetName=12V Pin=R2-2
Added Pin To Net: NetName=12V Pin=R9-1
Added Pin To Net: NetName=12V Pin=U1-4
Added Pin To Net: NetName=12V Pin=U1-8
Added Net: Name=12V
Added Pin To Net: NetName=BAT12V Pin=P2-1
Added Pin To Net: NetName=BAT12V Pin=R9-2
Added Net: Name=BAT12V
Added Pin To Net: NetName=CAMERA+12V Pin=P2-3
Added Pin To Net: NetName=CAMERA+12V Pin=Q1-5
Added Pin To Net: NetName=CAMERA+12V Pin=Q1-6
Added Pin To Net: NetName=CAMERA+12V Pin=Q1-7
Added Pin To Net: NetName=CAMERA+12V Pin=Q1-8
Added Net: Name=CAMERA+12V
Added Pin To Net: NetName=FROM_REVERSE Pin=P2-4
Added Pin To Net: NetName=FROM_REVERSE Pin=R7-1
Added Net: Name=FROM_REVERSE
Added Pin To Net: NetName=FRONT_SW Pin=HC4052-10
Added Pin To Net: NetName=FRONT_SW Pin=P2-6
Added Pin To Net: NetName=FRONT_SW Pin=Q2-3
Added Pin To Net: NetName=FRONT_SW Pin=R3-2
Added Pin To Net: NetName=FRONT_SW Pin=R4-1
Added Pin To Net: NetName=FRONT_SW Pin=U3-10
Added Net: Name=FRONT_SW
Added Pin To Net: NetName=GND Pin=C1-1
Added Pin To Net: NetName=GND Pin=C2-1
Added Pin To Net: NetName=GND Pin=C4-1
Added Pin To Net: NetName=GND Pin=C5-1
Added Pin To Net: NetName=GND Pin=C6-2
Added Pin To Net: NetName=GND Pin=FRONT-1
Added Pin To Net: NetName=GND Pin=FRONT-1
Added Pin To Net: NetName=GND Pin=HC4052-6
Added Pin To Net: NetName=GND Pin=HC4052-7
Added Pin To Net: NetName=GND Pin=HC4052-8
Added Pin To Net: NetName=GND Pin=HC4052-9
Added Pin To Net: NetName=GND Pin=LDO1-2
Added Pin To Net: NetName=GND Pin=LDO1-2
Added Pin To Net: NetName=GND Pin=OUTPUT-1
Added Pin To Net: NetName=GND Pin=OUTPUT-1
Added Pin To Net: NetName=GND Pin=P2-2
Added Pin To Net: NetName=GND Pin=P2-5
Added Pin To Net: NetName=GND Pin=Q2-2
Added Pin To Net: NetName=GND Pin=Q3-2
Added Pin To Net: NetName=GND Pin=R8-2
Added Pin To Net: NetName=GND Pin=REAR-1
Added Pin To Net: NetName=GND Pin=REAR-1
Added Pin To Net: NetName=GND Pin=U1-1
Added Pin To Net: NetName=GND Pin=U3-6
Added Pin To Net: NetName=GND Pin=U3-7
Added Pin To Net: NetName=GND Pin=U3-8
Added Pin To Net: NetName=GND Pin=U3-9
Added Net: Name=GND
Added Pin To Net: NetName=Net3296-TRRIMER-1M_2 Pin=3296-TRRIMER-1M-2
Added Pin To Net: NetName=Net3296-TRRIMER-1M_2 Pin=3296-TRRIMER-1M-3
Added Pin To Net: NetName=Net3296-TRRIMER-1M_2 Pin=C1-2
Added Pin To Net: NetName=Net3296-TRRIMER-1M_2 Pin=U1-6
Added Pin To Net: NetName=Net3296-TRRIMER-1M_2 Pin=U1-7
Added Net: Name=Net3296-TRRIMER-1M_2
Added Pin To Net: NetName=NetC4_2 Pin=C4-2
Added Pin To Net: NetName=NetC4_2 Pin=U1-5
Added Net: Name=NetC4_2
Added Pin To Net: NetName=NetQ1_1 Pin=Q1-1
Added Pin To Net: NetName=NetQ1_1 Pin=Q1-2
Added Pin To Net: NetName=NetQ1_1 Pin=Q1-3
Added Pin To Net: NetName=NetQ1_1 Pin=R2-1
Added Net: Name=NetQ1_1
Added Pin To Net: NetName=NetQ1_4 Pin=Q1-4
Added Pin To Net: NetName=NetQ1_4 Pin=R1-1
Added Pin To Net: NetName=NetQ1_4 Pin=R6-2
Added Net: Name=NetQ1_4
Added Pin To Net: NetName=NetQ2_1 Pin=Q2-1
Added Pin To Net: NetName=NetQ2_1 Pin=R7-2
Added Pin To Net: NetName=NetQ2_1 Pin=R8-1
Added Net: Name=NetQ2_1
Added Pin To Net: NetName=NetQ3_1 Pin=Q3-1
Added Pin To Net: NetName=NetQ3_1 Pin=R5-1
Added Net: Name=NetQ3_1
Added Pin To Net: NetName=NetQ3_3 Pin=Q3-3
Added Pin To Net: NetName=NetQ3_3 Pin=R6-1
Added Net: Name=NetQ3_3
Added Pin To Net: NetName=NetR4_2 Pin=R4-2
Added Pin To Net: NetName=NetR4_2 Pin=U1-2
Added Net: Name=NetR4_2
Added Pin To Net: NetName=NetR5_2 Pin=R5-2
Added Pin To Net: NetName=NetR5_2 Pin=U1-3
Added Net: Name=NetR5_2
Added Pin To Net: NetName=V1_Y0 Pin=HC4052-12
Added Pin To Net: NetName=V1_Y0 Pin=REAR-2
Added Pin To Net: NetName=V1_Y0 Pin=REAR-3
Added Pin To Net: NetName=V1_Y0 Pin=U3-12
Added Net: Name=V1_Y0
Added Pin To Net: NetName=V1_Y1 Pin=FRONT-2
Added Pin To Net: NetName=V1_Y1 Pin=FRONT-3
Added Pin To Net: NetName=V1_Y1 Pin=HC4052-14
Added Pin To Net: NetName=V1_Y1 Pin=U3-14
Added Net: Name=V1_Y1
Added Pin To Net: NetName=V2_Y0 Pin=HC4052-1
Added Net: Name=V2_Y0
Added Pin To Net: NetName=V2_Y1 Pin=HC4052-5
Added Net: Name=V2_Y1
Added Pin To Net: NetName=VCC Pin=C2-2
Added Pin To Net: NetName=VCC Pin=C5-2
Added Pin To Net: NetName=VCC Pin=HC4052-16
Added Pin To Net: NetName=VCC Pin=LDO1-1
Added Pin To Net: NetName=VCC Pin=R3-1
Added Pin To Net: NetName=VCC Pin=U3-16
Added Net: Name=VCC
Added Pin To Net: NetName=VIDEO_OUT1 Pin=HC4052-13
Added Pin To Net: NetName=VIDEO_OUT1 Pin=OUTPUT-2
Added Pin To Net: NetName=VIDEO_OUT1 Pin=OUTPUT-3
Added Pin To Net: NetName=VIDEO_OUT1 Pin=U3-13
Added Net: Name=VIDEO_OUT1
Added Member To Class: ClassName=Sheet2 Member=Component 3296-TRRIMER-1M 1M
Added Member To Class: ClassName=Sheet2 Member=Component C1 Cap_Tan_1210
Added Member To Class: ClassName=Sheet2 Member=Component C2 Cap_0805
Added Member To Class: ClassName=Sheet2 Member=Component C4 Cap_0805
Added Member To Class: ClassName=Sheet2 Member=Component C5 CAP 47uF 25V 2220(5750)
Added Member To Class: ClassName=Sheet2 Member=Component C6 TAJB106K020R
Added Member To Class: ClassName=Sheet2 Member=Component FRONT RCA
Added Member To Class: ClassName=Sheet2 Member=Component HC4052 MC74HC4052AD
Added Member To Class: ClassName=Sheet2 Member=Component LDO1 L78L05ABUTR
Added Member To Class: ClassName=Sheet2 Member=Component OUTPUT RCA
Added Member To Class: ClassName=Sheet2 Member=Component P2 Header 6
Added Member To Class: ClassName=Sheet2 Member=Component Q1 SI4435DY
Added Member To Class: ClassName=Sheet2 Member=Component Q2 MBT2222
Added Member To Class: ClassName=Sheet2 Member=Component Q3 MBT2222
Added Member To Class: ClassName=Sheet2 Member=Component R1 Res_0805
Added Member To Class: ClassName=Sheet2 Member=Component R2 Res_0805
Added Member To Class: ClassName=Sheet2 Member=Component R3 Res_0805
Added Member To Class: ClassName=Sheet2 Member=Component R4 Res_0805
Added Member To Class: ClassName=Sheet2 Member=Component R5 Res_0805
Added Member To Class: ClassName=Sheet2 Member=Component R6 Res_0805
Added Member To Class: ClassName=Sheet2 Member=Component R7 Res_0805
Added Member To Class: ClassName=Sheet2 Member=Component R8 Res_0805
Added Member To Class: ClassName=Sheet2 Member=Component R9 Res_0805
Added Member To Class: ClassName=Sheet2 Member=Component REAR RCA
Added Member To Class: ClassName=Sheet2 Member=Component U1 NE555
Added Member To Class: ClassName=Sheet2 Member=Component U3 MC74HC4052DT
