Removed Pin From Net: NetName=VIDEO_OUT1 Pin=RCA_3-2
Removed Pin From Net: NetName=REAR_AV Pin=RCA_3-4
Added Component: Designator=AMS1(SOT223-3)
Add component. Clean all parameters for all variants
Added Component: Designator=P1(HDR1X6)
Add component. Clean all parameters for all variants
Add component (AddParameter): Name = "LatestRevisionDate"; Value = "17-Jul-2002"; VariantName = "[No Variations]"
Add component (AddParameter): Name = "LatestRevisionNote"; Value = "Re-released for DXP Platform."; VariantName = "[No Variations]"
Add component (AddParameter): Name = "Publisher"; Value = "Altium Limited"; VariantName = "[No Variations]"
Added Component: Designator=U3(948F-01_N)
Add component. Clean all parameters for all variants
Add component (AddParameter): Name = "ComponentLink1Description"; Value = "Manufacturer Link"; VariantName = "[No Variations]"
Add component (AddParameter): Name = "ComponentLink1URL"; Value = "http://www.onsemi.com/"; VariantName = "[No Variations]"
Add component (AddParameter): Name = "ComponentLink2Description"; Value = "Datasheet"; VariantName = "[No Variations]"
Add component (AddParameter): Name = "ComponentLink2URL"; Value = "http://www.onsemi.com/pub/Collateral/MC74HC4051-D.PDF"; VariantName = "[No Variations]"
Add component (AddParameter): Name = "DatasheetVersion"; Value = "1995"; VariantName = "[No Variations]"
Add component (AddParameter): Name = "LatestRevisionDate"; Value = "12-Dec-2006"; VariantName = "[No Variations]"
Add component (AddParameter): Name = "LatestRevisionNote"; Value = "IPC-7351 Footprint Added."; VariantName = "[No Variations]"
Add component (AddParameter): Name = "PackageDescription"; Value = "16-Pin Thin Small Outline Package 0.65 mm Pitch"; VariantName = "[No Variations]"
Add component (AddParameter): Name = "PackageReference"; Value = "948F-01"; VariantName = "[No Variations]"
Add component (AddParameter): Name = "PackageVersion"; Value = "Feb-2000"; VariantName = "[No Variations]"
Add component (AddParameter): Name = "Published"; Value = "15-Apr-2002"; VariantName = "[No Variations]"
Add component (AddParameter): Name = "Publisher"; Value = "Altium Limited"; VariantName = "[No Variations]"
Add component (AddParameter): Name = "Supplier 1"; Value = "Allied"; VariantName = "[No Variations]"
Add component (AddParameter): Name = "Supplier Part Number 1"; Value = "70466412"; VariantName = "[No Variations]"
Add component (AddParameter): Name = "ComponentLink1Description"; Value = "Manufacturer Link"; VariantName = "hc4052-anak"
Add component (AddParameter): Name = "ComponentLink1URL"; Value = "http://www.onsemi.com/"; VariantName = "hc4052-anak"
Add component (AddParameter): Name = "ComponentLink2Description"; Value = "Datasheet"; VariantName = "hc4052-anak"
Add component (AddParameter): Name = "ComponentLink2URL"; Value = "http://www.onsemi.com/pub/Collateral/MC74HC4051-D.PDF"; VariantName = "hc4052-anak"
Add component (AddParameter): Name = "DatasheetVersion"; Value = "1995"; VariantName = "hc4052-anak"
Add component (AddParameter): Name = "LatestRevisionDate"; Value = "12-Dec-2006"; VariantName = "hc4052-anak"
Add component (AddParameter): Name = "LatestRevisionNote"; Value = "IPC-7351 Footprint Added."; VariantName = "hc4052-anak"
Add component (AddParameter): Name = "PackageDescription"; Value = "16-Pin Thin Small Outline Package 0.65 mm Pitch"; VariantName = "hc4052-anak"
Add component (AddParameter): Name = "PackageReference"; Value = "948F-01"; VariantName = "hc4052-anak"
Add component (AddParameter): Name = "PackageVersion"; Value = "Feb-2000"; VariantName = "hc4052-anak"
Add component (AddParameter): Name = "Published"; Value = "15-Apr-2002"; VariantName = "hc4052-anak"
Add component (AddParameter): Name = "Publisher"; Value = "Altium Limited"; VariantName = "hc4052-anak"
Add component (AddParameter): Name = "Supplier 1"; Value = "Allied"; VariantName = "hc4052-anak"
Add component (AddParameter): Name = "Supplier Part Number 1"; Value = "70466412"; VariantName = "hc4052-anak"
Added Pin To Net: NetName=GND Pin=AMS1-1
Added Pin To Net: NetName=VCC Pin=AMS1-2
Added Pin To Net: NetName=12V Pin=AMS1-3
Added Pin To Net: NetName=VCC Pin=AMS1-4
Added Pin To Net: NetName=REAR_AV Pin=RCA_3-2
Added Pin To Net: NetName=VIDEO_OUT1 Pin=RCA_3-4
Added Pin To Net: NetName=GND Pin=U3-6
Added Pin To Net: NetName=GND Pin=U3-7
Added Pin To Net: NetName=GND Pin=U3-8
Added Pin To Net: NetName=GND Pin=U3-9
Added Pin To Net: NetName=TR_EN Pin=U3-10
Added Pin To Net: NetName=REAR_AV Pin=U3-12
Added Pin To Net: NetName=VIDEO_OUT1 Pin=U3-13
Added Pin To Net: NetName=FRONT_AV Pin=U3-14
Added Pin To Net: NetName=VCC Pin=U3-16
Added Member To Class: ClassName=Sheet2 Member=Component AMS1 AMS1117
Added Member To Class: ClassName=Sheet2 Member=Component P1 Header 6
Added Member To Class: ClassName=Sheet2 Member=Component U3 MC74HC4052DT
