Added Pin To Net: NetName=12V Pin=3296-TRRIMER-1M-1
Added Pin To Net: NetName=12V Pin=C6-1
Added Pin To Net: NetName=12V Pin=LDO1-3
Added Pin To Net: NetName=12V Pin=R1-2
Added Pin To Net: NetName=12V Pin=R2-2
Added Pin To Net: NetName=12V Pin=R9-1
Added Pin To Net: NetName=12V Pin=U1-4
Added Pin To Net: NetName=12V Pin=U1-8
Added Net: Name=12V
Added Pin To Net: NetName=BAT12V Pin=P2-1
Added Pin To Net: NetName=BAT12V Pin=P3-1
Added Pin To Net: NetName=BAT12V Pin=R9-2
Added Net: Name=BAT12V
Added Pin To Net: NetName=CAMERA+12V Pin=FRONT 12V-1
Added Pin To Net: NetName=CAMERA+12V Pin=LD1-2
Added Pin To Net: NetName=CAMERA+12V Pin=P2-3
Added Pin To Net: NetName=CAMERA+12V Pin=P3-3
Added Pin To Net: NetName=CAMERA+12V Pin=Q1-5
Added Pin To Net: NetName=CAMERA+12V Pin=Q1-6
Added Pin To Net: NetName=CAMERA+12V Pin=Q1-7
Added Pin To Net: NetName=CAMERA+12V Pin=Q1-8
Added Net: Name=CAMERA+12V
Added Pin To Net: NetName=FROM_REVERSE Pin=P2-4
Added Pin To Net: NetName=FROM_REVERSE Pin=P3-4
Added Pin To Net: NetName=FROM_REVERSE Pin=R10-1
Added Pin To Net: NetName=FROM_REVERSE Pin=REAR 12v-1
Added Net: Name=FROM_REVERSE
Added Pin To Net: NetName=FRONT_SW Pin=HC4052-10
Added Pin To Net: NetName=FRONT_SW Pin=P2-6
Added Pin To Net: NetName=FRONT_SW Pin=Q2-3
Added Pin To Net: NetName=FRONT_SW Pin=R3-2
Added Pin To Net: NetName=FRONT_SW Pin=R4-1
Added Net: Name=FRONT_SW
Added Pin To Net: NetName=GND Pin=C1-1
Added Pin To Net: NetName=GND Pin=C2-1
Added Pin To Net: NetName=GND Pin=C4-1
Added Pin To Net: NetName=GND Pin=C5-1
Added Pin To Net: NetName=GND Pin=C6-2
Added Pin To Net: NetName=GND Pin=FRONT-1
Added Pin To Net: NetName=GND Pin=FRONT-1
Added Pin To Net: NetName=GND Pin=GFRONT-1
Added Pin To Net: NetName=GND Pin=GOUT-1
Added Pin To Net: NetName=GND Pin=GREAR-1
Added Pin To Net: NetName=GND Pin=HC4052-6
Added Pin To Net: NetName=GND Pin=HC4052-7
Added Pin To Net: NetName=GND Pin=HC4052-8
Added Pin To Net: NetName=GND Pin=HC4052-9
Added Pin To Net: NetName=GND Pin=LDO1-2
Added Pin To Net: NetName=GND Pin=LDO1-2
Added Pin To Net: NetName=GND Pin=OUTPUT-1
Added Pin To Net: NetName=GND Pin=OUTPUT-1
Added Pin To Net: NetName=GND Pin=P1-2
Added Pin To Net: NetName=GND Pin=P1-4
Added Pin To Net: NetName=GND Pin=P1-6
Added Pin To Net: NetName=GND Pin=P2-2
Added Pin To Net: NetName=GND Pin=P2-5
Added Pin To Net: NetName=GND Pin=P3-2
Added Pin To Net: NetName=GND Pin=Q2-2
Added Pin To Net: NetName=GND Pin=Q3-2
Added Pin To Net: NetName=GND Pin=R7-1
Added Pin To Net: NetName=GND Pin=R8-2
Added Pin To Net: NetName=GND Pin=REAR-1
Added Pin To Net: NetName=GND Pin=REAR-1
Added Pin To Net: NetName=GND Pin=U1-1
Added Pin To Net: NetName=GND Pin=U3-6
Added Pin To Net: NetName=GND Pin=U3-7
Added Pin To Net: NetName=GND Pin=U3-8
Added Pin To Net: NetName=GND Pin=U3-9
Added Net: Name=GND
Added Pin To Net: NetName=Net3296-TRRIMER-1M_2 Pin=3296-TRRIMER-1M-2
Added Pin To Net: NetName=Net3296-TRRIMER-1M_2 Pin=3296-TRRIMER-1M-3
Added Pin To Net: NetName=Net3296-TRRIMER-1M_2 Pin=C1-2
Added Pin To Net: NetName=Net3296-TRRIMER-1M_2 Pin=U1-6
Added Pin To Net: NetName=Net3296-TRRIMER-1M_2 Pin=U1-7
Added Net: Name=Net3296-TRRIMER-1M_2
Added Pin To Net: NetName=NetC4_2 Pin=C4-2
Added Pin To Net: NetName=NetC4_2 Pin=U1-5
Added Net: Name=NetC4_2
Added Pin To Net: NetName=NetLD1_1 Pin=LD1-1
Added Pin To Net: NetName=NetLD1_1 Pin=R7-2
Added Net: Name=NetLD1_1
Added Pin To Net: NetName=NetQ1_1 Pin=Q1-1
Added Pin To Net: NetName=NetQ1_1 Pin=Q1-2
Added Pin To Net: NetName=NetQ1_1 Pin=Q1-3
Added Pin To Net: NetName=NetQ1_1 Pin=R2-1
Added Net: Name=NetQ1_1
Added Pin To Net: NetName=NetQ1_4 Pin=Q1-4
Added Pin To Net: NetName=NetQ1_4 Pin=R1-1
Added Pin To Net: NetName=NetQ1_4 Pin=R6-2
Added Net: Name=NetQ1_4
Added Pin To Net: NetName=NetQ2_1 Pin=Q2-1
Added Pin To Net: NetName=NetQ2_1 Pin=R8-1
Added Pin To Net: NetName=NetQ2_1 Pin=R10-2
Added Net: Name=NetQ2_1
Added Pin To Net: NetName=NetQ3_1 Pin=Q3-1
Added Pin To Net: NetName=NetQ3_1 Pin=R5-1
Added Net: Name=NetQ3_1
Added Pin To Net: NetName=NetQ3_3 Pin=Q3-3
Added Pin To Net: NetName=NetQ3_3 Pin=R6-1
Added Net: Name=NetQ3_3
Added Pin To Net: NetName=NetR4_2 Pin=R4-2
Added Pin To Net: NetName=NetR4_2 Pin=U1-2
Added Net: Name=NetR4_2
Added Pin To Net: NetName=NetR5_2 Pin=R5-2
Added Pin To Net: NetName=NetR5_2 Pin=U1-3
Added Net: Name=NetR5_2
Added Pin To Net: NetName=V1_Y0 Pin=HC4052-12
Added Pin To Net: NetName=V1_Y0 Pin=P1-3
Added Pin To Net: NetName=V1_Y0 Pin=REAR-2
Added Pin To Net: NetName=V1_Y0 Pin=REAR-3
Added Pin To Net: NetName=V1_Y0 Pin=REAR.AV-1
Added Net: Name=V1_Y0
Added Pin To Net: NetName=V1_Y1 Pin=FR.AV-1
Added Pin To Net: NetName=V1_Y1 Pin=FRONT-2
Added Pin To Net: NetName=V1_Y1 Pin=FRONT-3
Added Pin To Net: NetName=V1_Y1 Pin=HC4052-14
Added Pin To Net: NetName=V1_Y1 Pin=P1-5
Added Net: Name=V1_Y1
Added Pin To Net: NetName=V2_Y0 Pin=HC4052-1
Added Net: Name=V2_Y0
Added Pin To Net: NetName=V2_Y1 Pin=HC4052-5
Added Net: Name=V2_Y1
Added Pin To Net: NetName=VCC Pin=C2-2
Added Pin To Net: NetName=VCC Pin=C5-2
Added Pin To Net: NetName=VCC Pin=HC4052-16
Added Pin To Net: NetName=VCC Pin=LDO1-1
Added Pin To Net: NetName=VCC Pin=R3-1
Added Pin To Net: NetName=VCC Pin=U3-16
Added Net: Name=VCC
Added Pin To Net: NetName=VIDEO_OUT1 Pin=HC4052-13
Added Pin To Net: NetName=VIDEO_OUT1 Pin=OUT.AV-1
Added Pin To Net: NetName=VIDEO_OUT1 Pin=OUTPUT-2
Added Pin To Net: NetName=VIDEO_OUT1 Pin=OUTPUT-3
Added Pin To Net: NetName=VIDEO_OUT1 Pin=P1-1
Added Net: Name=VIDEO_OUT1
