Removed Pin From Net: NetName=12V Pin=3296-TRRIMER-1M-1
Removed Pin From Net: NetName=GND Pin=C1-1
Removed Pin From Net: NetName=Net3296-TRRIMER-1M_2 Pin=C1-2
Added Component: Designator=FR.AV(J_1)
Added Component: Designator=FRONT 12V(J_1)
Added Component: Designator=FRONT(RCA)
Added Component: Designator=GFRONT(J_1)
Added Component: Designator=GOUT(J_1)
Added Component: Designator=GREAR(J_1)
Added Component: Designator=LDO1-1(D2PAK)
Added Component: Designator=OUT.AV(J_1)
Added Component: Designator=OUTPUT(RCA)
Added Component: Designator=P2(HDR1X6)
Added Component: Designator=REAR 12v(J_1)
Added Component: Designator=REAR.AV(J_1)
Added Component: Designator=REAR(RCA)
Added Pin To Net: NetName=Net3296-TRRIMER-1M_2 Pin=C1-1
Added Pin To Net: NetName=GND Pin=C1-2
Added Pin To Net: NetName=FRONT_AV Pin=FR.AV-1
Added Pin To Net: NetName=CAMERA+12V Pin=FRONT 12V-1
Added Pin To Net: NetName=GND Pin=FRONT-1
Added Pin To Net: NetName=GND Pin=FRONT-1
Added Pin To Net: NetName=FRONT_AV Pin=FRONT-2
Added Pin To Net: NetName=FRONT_AV Pin=FRONT-3
Added Pin To Net: NetName=GND Pin=GFRONT-1
Added Pin To Net: NetName=GND Pin=GOUT-1
Added Pin To Net: NetName=GND Pin=GREAR-1
Added Pin To Net: NetName=12V Pin=LDO1-1-1
Added Pin To Net: NetName=GND Pin=LDO1-1-2
Added Pin To Net: NetName=VCC Pin=LDO1-1-3
Added Pin To Net: NetName=VIDEO_OUT1 Pin=OUT.AV-1
Added Pin To Net: NetName=GND Pin=OUTPUT-1
Added Pin To Net: NetName=GND Pin=OUTPUT-1
Added Pin To Net: NetName=VIDEO_OUT1 Pin=OUTPUT-2
Added Pin To Net: NetName=VIDEO_OUT1 Pin=OUTPUT-3
Added Pin To Net: NetName=BAT12V Pin=P2-1
Added Pin To Net: NetName=GND Pin=P2-2
Added Pin To Net: NetName=CAMERA+12V Pin=P2-3
Added Pin To Net: NetName=FROM_REVERSE Pin=P2-4
Added Pin To Net: NetName=GND Pin=P2-5
Added Pin To Net: NetName=FRONT_SW Pin=P2-6
Added Pin To Net: NetName=FROM_REVERSE Pin=REAR 12v-1
Added Pin To Net: NetName=GND Pin=REAR-1
Added Pin To Net: NetName=GND Pin=REAR-1
Added Pin To Net: NetName=REAR_AV Pin=REAR-2
Added Pin To Net: NetName=REAR_AV Pin=REAR-3
Added Pin To Net: NetName=REAR_AV Pin=REAR.AV-1
Added Pin To Net: NetName=Net3296-TRRIMER-1M_1 Pin=3296-TRRIMER-1M-1
Added Net: Name=Net3296-TRRIMER-1M_1
Added Member To Class: ClassName=Sheet2 Member=Component FR.AV CON1
Added Member To Class: ClassName=Sheet2 Member=Component FRONT 12V CON1
Added Member To Class: ClassName=Sheet2 Member=Component FRONT RCA
Added Member To Class: ClassName=Sheet2 Member=Component GFRONT CON1
Added Member To Class: ClassName=Sheet2 Member=Component GOUT CON1
Added Member To Class: ClassName=Sheet2 Member=Component GREAR CON1
Added Member To Class: ClassName=Sheet2 Member=Component LDO1-1 L7805
Added Member To Class: ClassName=Sheet2 Member=Component OUT.AV CON1
Added Member To Class: ClassName=Sheet2 Member=Component OUTPUT RCA
Added Member To Class: ClassName=Sheet2 Member=Component P2 Header 6
Added Member To Class: ClassName=Sheet2 Member=Component REAR 12v CON1
Added Member To Class: ClassName=Sheet2 Member=Component REAR.AV CON1
Added Member To Class: ClassName=Sheet2 Member=Component REAR RCA
