Added Component: Designator=C1(CAPC2012X135N)
Added Component: Designator=C2(CAPC2012X135N)
Added Component: Designator=C3(CAPC2012X135N)
Added Component: Designator=C4(CAPC2012X135N)
Added Component: Designator=C5(CAPC2220(5750)230_N)
Added Component: Designator=C6(AVX-CAPC3528_V)
Added Component: Designator=C7(CAPC2012X135N)
Added Component: Designator=C8(CAPC2012X135N)
Added Component: Designator=C9(CAPC2012X135N)
Added Component: Designator=J1(TKID-TRC-005-04_V)
Added Component: Designator=J2(TKID-TRC-005-04_V)
Added Component: Designator=J3(TKID-TRC-005-04_V)
Added Component: Designator=P1(HDR1X2)
Added Component: Designator=POWER1(HDR1X2)
Added Component: Designator=Q1(D2PAK_M)
Added Component: Designator=Q2(SOT23-BCE)
Added Component: Designator=Q3(SOT23-3)
Added Component: Designator=R1(TRIMPOT_THT_PV36X)
Added Component: Designator=R2(RESC2012X70N)
Added Component: Designator=R3(RESC2012X70N)
Added Component: Designator=R4(RESC2012X70N)
Added Component: Designator=R5(RESC2012X70N)
Added Component: Designator=R6(RESC2012X70N)
Added Component: Designator=R7(RESC2012X70N)
Added Component: Designator=R8(RESC2012X70N)
Added Component: Designator=R9(RESC2012X70N)
Added Component: Designator=R10(RESC2012X70N)
Added Component: Designator=U1(SO8)
Added Component: Designator=U2(751B-05_N)
Added Component: Designator=U3(PK03)
Added Pin To Net: NetName=12V Pin=C6-1
Added Pin To Net: NetName=12V Pin=POWER1-1
Added Pin To Net: NetName=12V Pin=R4-1
Added Pin To Net: NetName=12V Pin=R5-2
Added Pin To Net: NetName=12V Pin=U3-3
Added Net: Name=12V
Added Pin To Net: NetName=CAMERA+12V Pin=P1-1
Added Pin To Net: NetName=CAMERA+12V Pin=Q1-2
Added Net: Name=CAMERA+12V
Added Pin To Net: NetName=FROM_REVERSE Pin=P1-2
Added Pin To Net: NetName=FROM_REVERSE Pin=R9-2
Added Net: Name=FROM_REVERSE
Added Pin To Net: NetName=GND Pin=C1-2
Added Pin To Net: NetName=GND Pin=C2-2
Added Pin To Net: NetName=GND Pin=C3-1
Added Pin To Net: NetName=GND Pin=C4-2
Added Pin To Net: NetName=GND Pin=C5-1
Added Pin To Net: NetName=GND Pin=C6-2
Added Pin To Net: NetName=GND Pin=J1-1
Added Pin To Net: NetName=GND Pin=J2-1
Added Pin To Net: NetName=GND Pin=J3-1
Added Pin To Net: NetName=GND Pin=POWER1-2
Added Pin To Net: NetName=GND Pin=Q2-E
Added Pin To Net: NetName=GND Pin=Q3-2
Added Pin To Net: NetName=GND Pin=R10-1
Added Pin To Net: NetName=GND Pin=U1-1
Added Pin To Net: NetName=GND Pin=U2-6
Added Pin To Net: NetName=GND Pin=U2-7
Added Pin To Net: NetName=GND Pin=U2-8
Added Pin To Net: NetName=GND Pin=U2-9
Added Pin To Net: NetName=GND Pin=U3-2
Added Net: Name=GND
Added Pin To Net: NetName=NetC3_2 Pin=C3-2
Added Pin To Net: NetName=NetC3_2 Pin=R1-CW
Added Pin To Net: NetName=NetC3_2 Pin=R1-W
Added Pin To Net: NetName=NetC3_2 Pin=U1-6
Added Pin To Net: NetName=NetC3_2 Pin=U1-7
Added Net: Name=NetC3_2
Added Pin To Net: NetName=NetC4_1 Pin=C4-1
Added Pin To Net: NetName=NetC4_1 Pin=U1-5
Added Net: Name=NetC4_1
Added Pin To Net: NetName=NetC7_2 Pin=C7-2
Added Pin To Net: NetName=NetC7_2 Pin=J1-2
Added Pin To Net: NetName=NetC7_2 Pin=J1-3
Added Pin To Net: NetName=NetC7_2 Pin=J1-4
Added Net: Name=NetC7_2
Added Pin To Net: NetName=NetC8_2 Pin=C8-2
Added Pin To Net: NetName=NetC8_2 Pin=J2-2
Added Pin To Net: NetName=NetC8_2 Pin=J2-3
Added Pin To Net: NetName=NetC8_2 Pin=J2-4
Added Net: Name=NetC8_2
Added Pin To Net: NetName=NetC9_2 Pin=C9-2
Added Pin To Net: NetName=NetC9_2 Pin=J3-2
Added Pin To Net: NetName=NetC9_2 Pin=J3-3
Added Pin To Net: NetName=NetC9_2 Pin=J3-4
Added Net: Name=NetC9_2
Added Pin To Net: NetName=NetQ1_1 Pin=Q1-1
Added Pin To Net: NetName=NetQ1_1 Pin=R4-2
Added Pin To Net: NetName=NetQ1_1 Pin=R8-1
Added Net: Name=NetQ1_1
Added Pin To Net: NetName=NetQ1_3 Pin=Q1-3
Added Pin To Net: NetName=NetQ1_3 Pin=R5-1
Added Net: Name=NetQ1_3
Added Pin To Net: NetName=NetQ2_B Pin=Q2-B
Added Pin To Net: NetName=NetQ2_B Pin=R9-1
Added Pin To Net: NetName=NetQ2_B Pin=R10-2
Added Net: Name=NetQ2_B
Added Pin To Net: NetName=NetQ2_C Pin=Q2-C
Added Pin To Net: NetName=NetQ2_C Pin=R3-1
Added Pin To Net: NetName=NetQ2_C Pin=R6-2
Added Net: Name=NetQ2_C
Added Pin To Net: NetName=NetQ3_1 Pin=Q3-1
Added Pin To Net: NetName=NetQ3_1 Pin=R7-1
Added Net: Name=NetQ3_1
Added Pin To Net: NetName=NetQ3_3 Pin=Q3-3
Added Pin To Net: NetName=NetQ3_3 Pin=R8-2
Added Net: Name=NetQ3_3
Added Pin To Net: NetName=NetR1_CCW Pin=R1-CCW
Added Pin To Net: NetName=NetR1_CCW Pin=R2-2
Added Net: Name=NetR1_CCW
Added Pin To Net: NetName=NetR2_1 Pin=R2-1
Added Pin To Net: NetName=NetR2_1 Pin=U1-4
Added Pin To Net: NetName=NetR2_1 Pin=U1-8
Added Net: Name=NetR2_1
Added Pin To Net: NetName=NetR6_1 Pin=R6-1
Added Pin To Net: NetName=NetR6_1 Pin=U1-2
Added Net: Name=NetR6_1
Added Pin To Net: NetName=NetR7_2 Pin=R7-2
Added Pin To Net: NetName=NetR7_2 Pin=U1-3
Added Net: Name=NetR7_2
Added Pin To Net: NetName=REVERSE Pin=U2-10
Added Net: Name=REVERSE
Added Pin To Net: NetName=V1_Y0 Pin=C8-1
Added Pin To Net: NetName=V1_Y0 Pin=U2-12
Added Net: Name=V1_Y0
Added Pin To Net: NetName=V1_Y1 Pin=C9-1
Added Pin To Net: NetName=V1_Y1 Pin=U2-14
Added Net: Name=V1_Y1
Added Pin To Net: NetName=V2_Y0 Pin=U2-1
Added Net: Name=V2_Y0
Added Pin To Net: NetName=V2_Y1 Pin=U2-5
Added Net: Name=V2_Y1
Added Pin To Net: NetName=VCC Pin=C1-1
Added Pin To Net: NetName=VCC Pin=C2-1
Added Pin To Net: NetName=VCC Pin=C5-2
Added Pin To Net: NetName=VCC Pin=R3-2
Added Pin To Net: NetName=VCC Pin=U2-16
Added Pin To Net: NetName=VCC Pin=U3-1
Added Net: Name=VCC
Added Pin To Net: NetName=VIDEO_OUT1 Pin=C7-1
Added Pin To Net: NetName=VIDEO_OUT1 Pin=U2-13
Added Net: Name=VIDEO_OUT1
Added Pin To Net: NetName=VIDEO_OUT2 Pin=U2-3
Added Net: Name=VIDEO_OUT2
Added Member To Class: ClassName=Sheet2 Member=Component C1 approved sub OK
Added Member To Class: ClassName=Sheet2 Member=Component C2 approved sub OK
Added Member To Class: ClassName=Sheet2 Member=Component C3 approved sub OK
Added Member To Class: ClassName=Sheet2 Member=Component C4 approved sub OK
Added Member To Class: ClassName=Sheet2 Member=Component C5 CAP 47uF 25V 2220(5750)
Added Member To Class: ClassName=Sheet2 Member=Component C6 TAJB106K020R
Added Member To Class: ClassName=Sheet2 Member=Component C7 approved sub OK
Added Member To Class: ClassName=Sheet2 Member=Component C8 approved sub OK
Added Member To Class: ClassName=Sheet2 Member=Component C9 approved sub OK
Added Member To Class: ClassName=Sheet2 Member=Component J1 TRC-005-4
Added Member To Class: ClassName=Sheet2 Member=Component J2 TRC-005-4
Added Member To Class: ClassName=Sheet2 Member=Component J3 TRC-005-4
Added Member To Class: ClassName=Sheet2 Member=Component P1 Header 2
Added Member To Class: ClassName=Sheet2 Member=Component POWER1 Header 2
Added Member To Class: ClassName=Sheet2 Member=Component Q1 IRF5210S
Added Member To Class: ClassName=Sheet2 Member=Component Q2 MMBT2222
Added Member To Class: ClassName=Sheet2 Member=Component Q3 MBT2222
Added Member To Class: ClassName=Sheet2 Member=Component R1 25 turns
Added Member To Class: ClassName=Sheet2 Member=Component R2 Thick Film
Added Member To Class: ClassName=Sheet2 Member=Component R3 Thick Film
Added Member To Class: ClassName=Sheet2 Member=Component R4 Thick Film
Added Member To Class: ClassName=Sheet2 Member=Component R5 Thick Film
Added Member To Class: ClassName=Sheet2 Member=Component R6 Thick Film
Added Member To Class: ClassName=Sheet2 Member=Component R7 Thick Film
Added Member To Class: ClassName=Sheet2 Member=Component R8 Thick Film
Added Member To Class: ClassName=Sheet2 Member=Component R9 Thick Film
Added Member To Class: ClassName=Sheet2 Member=Component R10 Thick Film
Added Member To Class: ClassName=Sheet2 Member=Component U1 NE555
Added Member To Class: ClassName=Sheet2 Member=Component U2 MC74HC4052AD
Added Member To Class: ClassName=Sheet2 Member=Component U3 µA78L05CPKR
Added Room: Name=Sheet2
