Added Component: Designator=C1(CAPC2012X135N)
Added Component: Designator=C2(CAPC2012X135N)
Added Component: Designator=C3(CAPC2012X135N)
Added Component: Designator=C4(CAPC2012X135N)
Added Component: Designator=J?(TKID-TRC-005-04_V)
Added Component: Designator=J?(TKID-TRC-005-04_V)
Added Component: Designator=J?(TKID-TRC-005-04_V)
Added Component: Designator=J?(TKID-TRC-005-04_V)
Added Component: Designator=R1(RESC2012X70N)
Added Component: Designator=R2(TRIMPOT_THT_PV36X)
Added Component: Designator=U1(8S2_N)
Added Component: Designator=U2(751B-05_N)
Added Pin To Net: NetName=GND Pin=C1-2
Added Pin To Net: NetName=GND Pin=C2-2
Added Pin To Net: NetName=GND Pin=C3-2
Added Pin To Net: NetName=GND Pin=C4-2
Added Pin To Net: NetName=GND Pin=J?-2
Added Pin To Net: NetName=GND Pin=J?-4
Added Pin To Net: NetName=GND Pin=R2-CCW
Added Pin To Net: NetName=GND Pin=U1-4
Added Pin To Net: NetName=GND Pin=U2-7
Added Pin To Net: NetName=GND Pin=U2-8
Added Net: Name=GND
Added Pin To Net: NetName=NetR1_2 Pin=R1-2
Added Pin To Net: NetName=NetR1_2 Pin=R2-CW
Added Net: Name=NetR1_2
Added Pin To Net: NetName=NetU1_5 Pin=U1-5
Added Pin To Net: NetName=NetU1_5 Pin=U2-10
Added Net: Name=NetU1_5
Added Pin To Net: NetName=NetU1_6 Pin=U1-6
Added Pin To Net: NetName=NetU1_6 Pin=U2-9
Added Net: Name=NetU1_6
Added Pin To Net: NetName=OUT_REVERSE Pin=U1-2
Added Net: Name=OUT_REVERSE
Added Pin To Net: NetName=REVERSE Pin=U1-3
Added Net: Name=REVERSE
Added Pin To Net: NetName=TIME_SWITCH Pin=R2-W
Added Pin To Net: NetName=TIME_SWITCH Pin=U1-7
Added Net: Name=TIME_SWITCH
Added Pin To Net: NetName=VCC Pin=C1-1
Added Pin To Net: NetName=VCC Pin=C2-1
Added Pin To Net: NetName=VCC Pin=C3-1
Added Pin To Net: NetName=VCC Pin=C4-1
Added Pin To Net: NetName=VCC Pin=R1-1
Added Pin To Net: NetName=VCC Pin=U1-8
Added Pin To Net: NetName=VCC Pin=U2-16
Added Net: Name=VCC
Added Pin To Net: NetName=VI_X0 Pin=U2-12
Added Net: Name=VI_X0
Added Pin To Net: NetName=VI_X1 Pin=U2-14
Added Net: Name=VI_X1
Added Pin To Net: NetName=VI_X2 Pin=U2-15
Added Net: Name=VI_X2
Added Pin To Net: NetName=VI_X3 Pin=U2-11
Added Net: Name=VI_X3
Added Pin To Net: NetName=VI_Y0 Pin=U2-1
Added Net: Name=VI_Y0
Added Pin To Net: NetName=VI_Y1 Pin=U2-5
Added Net: Name=VI_Y1
Added Pin To Net: NetName=VI_Y2 Pin=U2-2
Added Net: Name=VI_Y2
Added Pin To Net: NetName=VI_Y3 Pin=U2-4
Added Net: Name=VI_Y3
Added Pin To Net: NetName=VIDEO_OUT1 Pin=J?-1
Added Pin To Net: NetName=VIDEO_OUT1 Pin=U2-13
Added Net: Name=VIDEO_OUT1
Added Pin To Net: NetName=VIDEO_OUT2 Pin=U2-3
Added Net: Name=VIDEO_OUT2
Added Class: Name=Sheet2
Added Room: Name=Sheet2
