Removed Pin From Net: NetName=NetQ2_B Pin=Q2-B
Removed Pin From Net: NetName=REVERSE Pin=Q2-C
Removed Pin From Net: NetName=GND Pin=Q2-E
Change Component DesignItemId : Designator=Q2 Old DesignItemId=MMBT2222 New DesignItemId=NPN_MMBT2222A
Change Component Footprint: Designator=Q2 Old Footprint=SOT23-BCE New Footprint=SOT23-3
Change Component Comment : Designator=Q2 Old Comment=MMBT2222 New Comment=MBT2222
Change Component Designator: OldDesignator=C1 NewDesignator=C2
Change Component Designator: OldDesignator=C2 NewDesignator=C3
Change Component Designator: OldDesignator=C3 NewDesignator=C1
Change Component Designator: OldDesignator=FRONT NewDesignator=FRONT1
Change Component Designator: OldDesignator=OUTPUT NewDesignator=OUTPUT1
Change Component Designator: OldDesignator=REAR NewDesignator=REAR1
Added Component: Designator=P2(HDR1X6)
Added Pin To Net: NetName=12V Pin=P2-1
Added Pin To Net: NetName=GND Pin=P2-2
Added Pin To Net: NetName=CAMERA+12V Pin=P2-3
Added Pin To Net: NetName=FROM_REVERSE Pin=P2-4
Added Pin To Net: NetName=NetR6_1 Pin=P2-5
Added Pin To Net: NetName=NetQ2_B Pin=Q2-1
Added Pin To Net: NetName=GND Pin=Q2-2
Added Pin To Net: NetName=REVERSE Pin=Q2-3
Change Net Name : Old Net Name=NetC3_2 New Net Name=NetC1_2
Change Net Name : Old Net Name=NetQ2_B New Net Name=NetQ2_1
Change Net Name : Old Net Name=NetR6_1 New Net Name=FRONT_SW
Change Net Name : Old Net Name=REVERSE New Net Name=NetQ2_3
Added Member To Class: ClassName=Sheet2 Member=Component P2 Header 6
Added Room: Name=Sheet2
