Removed Pin From Net: NetName=12V Pin=3296-TRRIMER-1M-1
Removed Pin From Net: NetName=GND Pin=C1-1
Removed Pin From Net: NetName=Net3296-TRRIMER-1M_2 Pin=C1-2
Removed Pin From Net: NetName=FRONT_SW Pin=HC4052-10
Removed Pin From Net: NetName=NetQ1_4 Pin=R1-1
Removed Pin From Net: NetName=FRONT_SW Pin=R4-1
Removed Pin From Net: NetName=NetR4_2 Pin=R4-2
Removed Pin From Net: NetName=12V Pin=U1-4
Removed Pin From Net: NetName=V1_Y0 Pin=U3-12
Removed Pin From Net: NetName=VIDEO_OUT1 Pin=U3-13
Removed Pin From Net: NetName=V1_Y1 Pin=U3-14
Change Component Footprint: Designator=R7 Old Footprint=RES_0805 New Footprint=AXIAL-0.3
Change Component Designator: OldDesignator=3296-TRRIMER-1M NewDesignator=1
Change Component Designator: OldDesignator=C2 NewDesignator=C1
Change Component Designator: OldDesignator=C4 NewDesignator=C3
Change Component Designator: OldDesignator=C5 NewDesignator=C4
Change Component Designator: OldDesignator=C6 NewDesignator=C5
Change Component Designator: OldDesignator=FRONT NewDesignator=FRONT1
Change Component Designator: OldDesignator=HC4052 NewDesignator=HC1
Change Component Designator: OldDesignator=LDO1 NewDesignator=LDO2
Change Component Designator: OldDesignator=OUTPUT NewDesignator=OUTPUT1
Change Component Designator: OldDesignator=P2 NewDesignator=P1
Change Component Designator: OldDesignator=R2 NewDesignator=R3
Change Component Designator: OldDesignator=R3 NewDesignator=R4
Change Component Designator: OldDesignator=R5 NewDesignator=R6
Change Component Designator: OldDesignator=R6 NewDesignator=R7
Change Component Designator: OldDesignator=R7 NewDesignator=R8
Change Component Designator: OldDesignator=R8 NewDesignator=R9
Change Component Designator: OldDesignator=R9 NewDesignator=R12
Change Component Designator: OldDesignator=REAR NewDesignator=REAR1
Change Component Designator: OldDesignator=U3 NewDesignator=U4
Change component parameters: Designator = "R3"; Footprint = "RES_0805"; UniqueID = "\WAJYMNKW"
Change component parameters. Clean all parameters for all variants
Change component parameters (AddParameter): Name = "Value"; Value = "2R"; VariantName = "[No Variations]"
Change component parameters: Designator = "P1"; Footprint = "HDR1X6"; UniqueID = "\TNYVTGLS"
Change component parameters. Clean all parameters for all variants
Change component parameters (AddParameter): Name = "LatestRevisionDate"; Value = "17-Jul-2002"; VariantName = "[No Variations]"
Change component parameters (AddParameter): Name = "LatestRevisionNote"; Value = "Re-released for DXP Platform."; VariantName = "[No Variations]"
Change component parameters (AddParameter): Name = "Publisher"; Value = "Altium Limited"; VariantName = "[No Variations]"
Change component parameters (AddParameter): Name = "LatestRevisionDate"; Value = "17-Jul-2002"; VariantName = "box35x30"
Change component parameters (AddParameter): Name = "LatestRevisionNote"; Value = "Re-released for DXP Platform."; VariantName = "box35x30"
Change component parameters (AddParameter): Name = "Publisher"; Value = "Altium Limited"; VariantName = "box35x30"
Change component parameters: Designator = "C1"; Footprint = "CAP_0805"; UniqueID = "\FPIYOSRT"
Change component parameters. Clean all parameters for all variants
Change component parameters (AddParameter): Name = "Supplier 1"; Value = "Mouser"; VariantName = "[No Variations]"
Change component parameters (AddParameter): Name = "Supplier Part Number 1"; Value = "80-C0805C104K3R"; VariantName = "[No Variations]"
Change component parameters (AddParameter): Name = "Value"; Value = "100nF"; VariantName = "[No Variations]"
Change component parameters: Designator = "C3"; Footprint = "CAP_0805"; UniqueID = "\DSDQRMQE"
Change component parameters. Clean all parameters for all variants
Change component parameters (AddParameter): Name = "Supplier 1"; Value = "Farnell"; VariantName = "[No Variations]"
Change component parameters (AddParameter): Name = "Supplier Part Number 1"; Value = "2280935"; VariantName = "[No Variations]"
Change component parameters (AddParameter): Name = "Value"; Value = "10nF"; VariantName = "[No Variations]"
Change component parameters: Designator = "R1"; Footprint = "RES_0805"; UniqueID = "\MSRBJDNP"
Change component parameters. Clean all parameters for all variants
Change component parameters (AddParameter): Name = "Supplier 1"; Value = "Allied"; VariantName = "[No Variations]"
Change component parameters (AddParameter): Name = "Supplier Part Number 1"; Value = "70154698"; VariantName = "[No Variations]"
Change component parameters (AddParameter): Name = "Value"; Value = "1K"; VariantName = "[No Variations]"
Change component parameters: Designator = "R4"; Footprint = "RES_0805"; UniqueID = "\IEWJVRPQ"
Change component parameters. Clean all parameters for all variants
Change component parameters (AddParameter): Name = "Supplier 1"; Value = "Allied"; VariantName = "[No Variations]"
Change component parameters (AddParameter): Name = "Supplier Part Number 1"; Value = "70154698"; VariantName = "[No Variations]"
Change component parameters (AddParameter): Name = "Value"; Value = "100K"; VariantName = "[No Variations]"
Change component parameters: Designator = "R6"; Footprint = "RES_0805"; UniqueID = "\LABPURDJ"
Change component parameters. Clean all parameters for all variants
Change component parameters (AddParameter): Name = "Supplier 1"; Value = "Allied"; VariantName = "[No Variations]"
Change component parameters (AddParameter): Name = "Supplier Part Number 1"; Value = "70484573"; VariantName = "[No Variations]"
Change component parameters (AddParameter): Name = "Value"; Value = "1K"; VariantName = "[No Variations]"
Change component parameters: Designator = "R7"; Footprint = "RES_0805"; UniqueID = "\ANXFFQVT"
Change component parameters. Clean all parameters for all variants
Change component parameters (AddParameter): Name = "Supplier 1"; Value = "Newark"; VariantName = "[No Variations]"
Change component parameters (AddParameter): Name = "Supplier Part Number 1"; Value = "58K4710"; VariantName = "[No Variations]"
Change component parameters (AddParameter): Name = "Value"; Value = "100"; VariantName = "[No Variations]"
Change component parameters: Designator = "R8"; Footprint = "AXIAL-0.3"; UniqueID = "\TXWBDXKR"
Change component parameters. Clean all parameters for all variants
Change component parameters (AddParameter): Name = "Supplier 1"; Value = "Allied"; VariantName = "[No Variations]"
Change component parameters (AddParameter): Name = "Supplier Part Number 1"; Value = "70265297"; VariantName = "[No Variations]"
Change component parameters (AddParameter): Name = "Value"; Value = "47K"; VariantName = "[No Variations]"
Change component parameters: Designator = "R9"; Footprint = "RES_0805"; UniqueID = "\KHBGOMXK"
Change component parameters. Clean all parameters for all variants
Change component parameters (AddParameter): Name = "Supplier 1"; Value = "Allied"; VariantName = "[No Variations]"
Change component parameters (AddParameter): Name = "Supplier Part Number 1"; Value = "70264867"; VariantName = "[No Variations]"
Change component parameters (AddParameter): Name = "Value"; Value = "10K"; VariantName = "[No Variations]"
Change component parameters: Designator = "R12"; Footprint = "RES_0805"; UniqueID = "\YBUQVEJQ"
Change component parameters. Clean all parameters for all variants
Change component parameters (AddParameter): Name = "Supplier 1"; Value = "Mouser"; VariantName = "[No Variations]"
Change component parameters (AddParameter): Name = "Supplier Part Number 1"; Value = "71-CRCW0805-0-E3"; VariantName = "[No Variations]"
Change component parameters (AddParameter): Name = "Value"; Value = "0K"; VariantName = "[No Variations]"
Change component parameters: Designator = "C4"; Footprint = "CAPC2220(5750)230_N"; UniqueID = "\ABOVJVPK"
Change component parameters. Clean all parameters for all variants
Change component parameters (AddParameter): Name = "Case-EIA"; Value = "2220"; VariantName = "[No Variations]"
Change component parameters (AddParameter): Name = "Case-Metric"; Value = "5750"; VariantName = "[No Variations]"
Change component parameters (AddParameter): Name = "Max Thickness"; Value = "2.2 mm"; VariantName = "[No Variations]"
Change component parameters (AddParameter): Name = "Rated Voltage"; Value = "25 V"; VariantName = "[No Variations]"
Change component parameters (AddParameter): Name = "Supplier 1"; Value = "Digi-Key"; VariantName = "[No Variations]"
Change component parameters (AddParameter): Name = "Supplier Part Number 1"; Value = "445-3486-2-ND"; VariantName = "[No Variations]"
Change component parameters (AddParameter): Name = "Technology"; Value = "SMT"; VariantName = "[No Variations]"
Change component parameters (AddParameter): Name = "Tolerance"; Value = "-20% to +80%"; VariantName = "[No Variations]"
Change component parameters (AddParameter): Name = "Value"; Value = "47uF"; VariantName = "[No Variations]"
Change component parameters: Designator = "LDO2"; Footprint = "SOT-89_N"; UniqueID = "\FYLLCGIP"
Change component parameters. Clean all parameters for all variants
Change component parameters (AddParameter): Name = "ComponentLink1Description"; Value = "Manufacturer URL"; VariantName = "[No Variations]"
Change component parameters (AddParameter): Name = "ComponentLink1URL"; Value = "http://www.st.com"; VariantName = "[No Variations]"
Change component parameters (AddParameter): Name = "ComponentLink2Description"; Value = "Datasheet"; VariantName = "[No Variations]"
Change component parameters (AddParameter): Name = "ComponentLink2URL"; Value = "http://www.st.com/internet/com/TECHNICAL_RESOURCES/TECHNICAL_LITERATURE/DATASHEET/CD00000446.pdf"; VariantName = "[No Variations]"
Change component parameters (AddParameter): Name = "DatasheetVersion"; Value = "Feb-2011"; VariantName = "[No Variations]"
Change component parameters (AddParameter): Name = "PackageDescription"; Value = "3-Pin SOT-89 Package 1.5 mm Pitch, 4.1 mm Lead Span"; VariantName = "[No Variations]"
Change component parameters (AddParameter): Name = "PackageReference"; Value = "SOT-89"; VariantName = "[No Variations]"
Change component parameters (AddParameter): Name = "PackageVersion"; Value = "2011"; VariantName = "[No Variations]"
Change component parameters (AddParameter): Name = "PartNumber"; Value = "L78L05ABUTR"; VariantName = "[No Variations]"
Change component parameters (AddParameter): Name = "Supplier 1"; Value = "Newark"; VariantName = "[No Variations]"
Change component parameters (AddParameter): Name = "Supplier Part Number 1"; Value = "31Y2531"; VariantName = "[No Variations]"
Change component parameters (AddParameter): Name = "ComponentLink1Description"; Value = "Manufacturer URL"; VariantName = "box35x30"
Change component parameters (AddParameter): Name = "ComponentLink1URL"; Value = "http://www.st.com"; VariantName = "box35x30"
Change component parameters (AddParameter): Name = "ComponentLink2Description"; Value = "Datasheet"; VariantName = "box35x30"
Change component parameters (AddParameter): Name = "ComponentLink2URL"; Value = "http://www.st.com/internet/com/TECHNICAL_RESOURCES/TECHNICAL_LITERATURE/DATASHEET/CD00000446.pdf"; VariantName = "box35x30"
Change component parameters (AddParameter): Name = "DatasheetVersion"; Value = "Feb-2011"; VariantName = "box35x30"
Change component parameters (AddParameter): Name = "PackageDescription"; Value = "3-Pin SOT-89 Package 1.5 mm Pitch, 4.1 mm Lead Span"; VariantName = "box35x30"
Change component parameters (AddParameter): Name = "PackageReference"; Value = "SOT-89"; VariantName = "box35x30"
Change component parameters (AddParameter): Name = "PackageVersion"; Value = "2011"; VariantName = "box35x30"
Change component parameters (AddParameter): Name = "PartNumber"; Value = "L78L05ABUTR"; VariantName = "box35x30"
Change component parameters (AddParameter): Name = "Supplier 1"; Value = "Newark"; VariantName = "box35x30"
Change component parameters (AddParameter): Name = "Supplier Part Number 1"; Value = "31Y2531"; VariantName = "box35x30"
Change component parameters: Designator = "Q1"; Footprint = "SO-8_N"; UniqueID = "\WYCNRBXF"
Change component parameters. Clean all parameters for all variants
Change component parameters (AddParameter): Name = "ComponentLink1Description"; Value = "Manufacturer Link"; VariantName = "[No Variations]"
Change component parameters (AddParameter): Name = "ComponentLink1URL"; Value = "http://www.vishay.com/"; VariantName = "[No Variations]"
Change component parameters (AddParameter): Name = "ComponentLink2Description"; Value = "Datasheet"; VariantName = "[No Variations]"
Change component parameters (AddParameter): Name = "ComponentLink2URL"; Value = "http://www.vishay.com/docs/70149/70149.pdf"; VariantName = "[No Variations]"
Change component parameters (AddParameter): Name = "DatasheetVersion"; Value = "6-Oct-1997"; VariantName = "[No Variations]"
Change component parameters (AddParameter): Name = "LatestRevisionDate"; Value = "13-Apr-2006"; VariantName = "[No Variations]"
Change component parameters (AddParameter): Name = "LatestRevisionNote"; Value = "IPC-7351 Footprint Added."; VariantName = "[No Variations]"
Change component parameters (AddParameter): Name = "PackageDescription"; Value = "8-Pin Small Outline Integrated Circuit 1.27 mm Pitch"; VariantName = "[No Variations]"
Change component parameters (AddParameter): Name = "PackageReference"; Value = "SO-8"; VariantName = "[No Variations]"
Change component parameters (AddParameter): Name = "PackageVersion"; Value = "Aug-1998"; VariantName = "[No Variations]"
Change component parameters (AddParameter): Name = "Published"; Value = "8-Jun-2000"; VariantName = "[No Variations]"
Change component parameters (AddParameter): Name = "Publisher"; Value = "Altium Limited"; VariantName = "[No Variations]"
Change component parameters (AddParameter): Name = "Supplier 1"; Value = "Mouser"; VariantName = "[No Variations]"
Change component parameters (AddParameter): Name = "Supplier Part Number 1"; Value = "942-SI4435DYPBF"; VariantName = "[No Variations]"
Change component parameters: Designator = "U4"; Footprint = "948F-01_N"; UniqueID = "\MUQATJQH"
Change component parameters. Clean all parameters for all variants
Change component parameters (AddParameter): Name = "ComponentLink1Description"; Value = "Manufacturer Link"; VariantName = "[No Variations]"
Change component parameters (AddParameter): Name = "ComponentLink1URL"; Value = "http://www.onsemi.com/"; VariantName = "[No Variations]"
Change component parameters (AddParameter): Name = "ComponentLink2Description"; Value = "Datasheet"; VariantName = "[No Variations]"
Change component parameters (AddParameter): Name = "ComponentLink2URL"; Value = "http://www.onsemi.com/pub/Collateral/MC74HC4051-D.PDF"; VariantName = "[No Variations]"
Change component parameters (AddParameter): Name = "DatasheetVersion"; Value = "1995"; VariantName = "[No Variations]"
Change component parameters (AddParameter): Name = "LatestRevisionDate"; Value = "12-Dec-2006"; VariantName = "[No Variations]"
Change component parameters (AddParameter): Name = "LatestRevisionNote"; Value = "IPC-7351 Footprint Added."; VariantName = "[No Variations]"
Change component parameters (AddParameter): Name = "PackageDescription"; Value = "16-Pin Thin Small Outline Package 0.65 mm Pitch"; VariantName = "[No Variations]"
Change component parameters (AddParameter): Name = "PackageReference"; Value = "948F-01"; VariantName = "[No Variations]"
Change component parameters (AddParameter): Name = "PackageVersion"; Value = "Feb-2000"; VariantName = "[No Variations]"
Change component parameters (AddParameter): Name = "Published"; Value = "15-Apr-2002"; VariantName = "[No Variations]"
Change component parameters (AddParameter): Name = "Publisher"; Value = "Altium Limited"; VariantName = "[No Variations]"
Change component parameters (AddParameter): Name = "Supplier 1"; Value = "Allied"; VariantName = "[No Variations]"
Change component parameters (AddParameter): Name = "Supplier Part Number 1"; Value = "70466412"; VariantName = "[No Variations]"
Change component parameters (AddParameter): Name = "ComponentLink1Description"; Value = "Manufacturer Link"; VariantName = "hc4052-anak"
Change component parameters (AddParameter): Name = "ComponentLink1URL"; Value = "http://www.onsemi.com/"; VariantName = "hc4052-anak"
Change component parameters (AddParameter): Name = "ComponentLink2Description"; Value = "Datasheet"; VariantName = "hc4052-anak"
Change component parameters (AddParameter): Name = "ComponentLink2URL"; Value = "http://www.onsemi.com/pub/Collateral/MC74HC4051-D.PDF"; VariantName = "hc4052-anak"
Change component parameters (AddParameter): Name = "DatasheetVersion"; Value = "1995"; VariantName = "hc4052-anak"
Change component parameters (AddParameter): Name = "LatestRevisionDate"; Value = "12-Dec-2006"; VariantName = "hc4052-anak"
Change component parameters (AddParameter): Name = "LatestRevisionNote"; Value = "IPC-7351 Footprint Added."; VariantName = "hc4052-anak"
Change component parameters (AddParameter): Name = "PackageDescription"; Value = "16-Pin Thin Small Outline Package 0.65 mm Pitch"; VariantName = "hc4052-anak"
Change component parameters (AddParameter): Name = "PackageReference"; Value = "948F-01"; VariantName = "hc4052-anak"
Change component parameters (AddParameter): Name = "PackageVersion"; Value = "Feb-2000"; VariantName = "hc4052-anak"
Change component parameters (AddParameter): Name = "Published"; Value = "15-Apr-2002"; VariantName = "hc4052-anak"
Change component parameters (AddParameter): Name = "Publisher"; Value = "Altium Limited"; VariantName = "hc4052-anak"
Change component parameters (AddParameter): Name = "Supplier 1"; Value = "Allied"; VariantName = "hc4052-anak"
Change component parameters (AddParameter): Name = "Supplier Part Number 1"; Value = "70466412"; VariantName = "hc4052-anak"
Change component parameters (AddParameter): Name = "ComponentLink1Description"; Value = "Manufacturer Link"; VariantName = "SLIM"
Change component parameters (AddParameter): Name = "ComponentLink1URL"; Value = "http://www.onsemi.com/"; VariantName = "SLIM"
Change component parameters (AddParameter): Name = "ComponentLink2Description"; Value = "Datasheet"; VariantName = "SLIM"
Change component parameters (AddParameter): Name = "ComponentLink2URL"; Value = "http://www.onsemi.com/pub/Collateral/MC74HC4051-D.PDF"; VariantName = "SLIM"
Change component parameters (AddParameter): Name = "DatasheetVersion"; Value = "1995"; VariantName = "SLIM"
Change component parameters (AddParameter): Name = "LatestRevisionDate"; Value = "12-Dec-2006"; VariantName = "SLIM"
Change component parameters (AddParameter): Name = "LatestRevisionNote"; Value = "IPC-7351 Footprint Added."; VariantName = "SLIM"
Change component parameters (AddParameter): Name = "PackageDescription"; Value = "16-Pin Thin Small Outline Package 0.65 mm Pitch"; VariantName = "SLIM"
Change component parameters (AddParameter): Name = "PackageReference"; Value = "948F-01"; VariantName = "SLIM"
Change component parameters (AddParameter): Name = "PackageVersion"; Value = "Feb-2000"; VariantName = "SLIM"
Change component parameters (AddParameter): Name = "Published"; Value = "15-Apr-2002"; VariantName = "SLIM"
Change component parameters (AddParameter): Name = "Publisher"; Value = "Altium Limited"; VariantName = "SLIM"
Change component parameters (AddParameter): Name = "Supplier 1"; Value = "Allied"; VariantName = "SLIM"
Change component parameters (AddParameter): Name = "Supplier Part Number 1"; Value = "70466412"; VariantName = "SLIM"
Change component parameters (AddParameter): Name = "ComponentLink1Description"; Value = "Manufacturer Link"; VariantName = "box35x30"
Change component parameters (AddParameter): Name = "ComponentLink1URL"; Value = "http://www.onsemi.com/"; VariantName = "box35x30"
Change component parameters (AddParameter): Name = "ComponentLink2Description"; Value = "Datasheet"; VariantName = "box35x30"
Change component parameters (AddParameter): Name = "ComponentLink2URL"; Value = "http://www.onsemi.com/pub/Collateral/MC74HC4051-D.PDF"; VariantName = "box35x30"
Change component parameters (AddParameter): Name = "DatasheetVersion"; Value = "1995"; VariantName = "box35x30"
Change component parameters (AddParameter): Name = "LatestRevisionDate"; Value = "12-Dec-2006"; VariantName = "box35x30"
Change component parameters (AddParameter): Name = "LatestRevisionNote"; Value = "IPC-7351 Footprint Added."; VariantName = "box35x30"
Change component parameters (AddParameter): Name = "PackageDescription"; Value = "16-Pin Thin Small Outline Package 0.65 mm Pitch"; VariantName = "box35x30"
Change component parameters (AddParameter): Name = "PackageReference"; Value = "948F-01"; VariantName = "box35x30"
Change component parameters (AddParameter): Name = "PackageVersion"; Value = "Feb-2000"; VariantName = "box35x30"
Change component parameters (AddParameter): Name = "Published"; Value = "15-Apr-2002"; VariantName = "box35x30"
Change component parameters (AddParameter): Name = "Publisher"; Value = "Altium Limited"; VariantName = "box35x30"
Change component parameters (AddParameter): Name = "Supplier 1"; Value = "Allied"; VariantName = "box35x30"
Change component parameters (AddParameter): Name = "Supplier Part Number 1"; Value = "70466412"; VariantName = "box35x30"
Change component parameters: Designator = "Q2"; Footprint = "SOT23-3"; UniqueID = "\KKIUJOVD"
Change component parameters. Clean all parameters for all variants
Change component parameters (AddParameter): Name = "Manufacturer 1"; Value = "Fairchild Semiconductor"; VariantName = "[No Variations]"
Change component parameters (AddParameter): Name = "Manufacturer 2"; Value = "NXP Semiconductors"; VariantName = "[No Variations]"
Change component parameters (AddParameter): Name = "Manufacturer Part Number 1"; Value = "MMBT2222A"; VariantName = "[No Variations]"
Change component parameters (AddParameter): Name = "Manufacturer Part Number 2"; Value = "MMBT2222A"; VariantName = "[No Variations]"
Change component parameters (AddParameter): Name = "Material"; Value = "Si"; VariantName = "[No Variations]"
Change component parameters (AddParameter): Name = "Mounting Type"; Value = "Surface Mount"; VariantName = "[No Variations]"
Change component parameters (AddParameter): Name = "Package / Case"; Value = "SOT-23"; VariantName = "[No Variations]"
Change component parameters (AddParameter): Name = "Ratings"; Value = "40V; 600mA; 250mW"; VariantName = "[No Variations]"
Change component parameters (AddParameter): Name = "SCDType"; Value = "source"; VariantName = "[No Variations]"
Change component parameters (AddParameter): Name = "Supplier 1"; Value = "Digi-Key"; VariantName = "[No Variations]"
Change component parameters (AddParameter): Name = "Supplier 2"; Value = "Digi-Key"; VariantName = "[No Variations]"
Change component parameters (AddParameter): Name = "Supplier Part Number 1"; Value = "MMBT2222AFSTR-ND"; VariantName = "[No Variations]"
Change component parameters (AddParameter): Name = "Supplier Part Number 2"; Value = "568-4509-2-ND"; VariantName = "[No Variations]"
Change component parameters (AddParameter): Name = "Value"; Value = "MBT2222"; VariantName = "[No Variations]"
Change component parameters: Designator = "Q3"; Footprint = "SOT23-3"; UniqueID = "\MYAJGBHX"
Change component parameters. Clean all parameters for all variants
Change component parameters (AddParameter): Name = "Manufacturer 1"; Value = "Fairchild Semiconductor"; VariantName = "[No Variations]"
Change component parameters (AddParameter): Name = "Manufacturer 2"; Value = "NXP Semiconductors"; VariantName = "[No Variations]"
Change component parameters (AddParameter): Name = "Manufacturer Part Number 1"; Value = "MMBT2222A"; VariantName = "[No Variations]"
Change component parameters (AddParameter): Name = "Manufacturer Part Number 2"; Value = "MMBT2222A"; VariantName = "[No Variations]"
Change component parameters (AddParameter): Name = "Material"; Value = "Si"; VariantName = "[No Variations]"
Change component parameters (AddParameter): Name = "Mounting Type"; Value = "Surface Mount"; VariantName = "[No Variations]"
Change component parameters (AddParameter): Name = "Package / Case"; Value = "SOT-23"; VariantName = "[No Variations]"
Change component parameters (AddParameter): Name = "Ratings"; Value = "40V; 600mA; 250mW"; VariantName = "[No Variations]"
Change component parameters (AddParameter): Name = "SCDType"; Value = "source"; VariantName = "[No Variations]"
Change component parameters (AddParameter): Name = "Supplier 1"; Value = "Digi-Key"; VariantName = "[No Variations]"
Change component parameters (AddParameter): Name = "Supplier 2"; Value = "Digi-Key"; VariantName = "[No Variations]"
Change component parameters (AddParameter): Name = "Supplier Part Number 1"; Value = "MMBT2222AFSTR-ND"; VariantName = "[No Variations]"
Change component parameters (AddParameter): Name = "Supplier Part Number 2"; Value = "568-4509-2-ND"; VariantName = "[No Variations]"
Change component parameters (AddParameter): Name = "Value"; Value = "MBT2222"; VariantName = "[No Variations]"
Change component parameters: Designator = "U1"; Footprint = "SO8"; UniqueID = "\SWSIXOHE"
Change component parameters. Clean all parameters for all variants
Change component parameters (AddParameter): Name = "Category"; Value = "Integrated Circuits (ICs)"; VariantName = "[No Variations]"
Change component parameters (AddParameter): Name = "Count"; Value = "-"; VariantName = "[No Variations]"
Change component parameters (AddParameter): Name = "Current"; Value = "200mA"; VariantName = "[No Variations]"
Change component parameters (AddParameter): Name = "Frequency"; Value = "500kHz"; VariantName = "[No Variations]"
Change component parameters (AddParameter): Name = "Manufacturer"; Value = "STMicroelectronics"; VariantName = "[No Variations]"
Change component parameters (AddParameter): Name = "Manufacturer Part Number"; Value = "NE555DT"; VariantName = "[No Variations]"
Change component parameters (AddParameter): Name = "Operating Temperature"; Value = "0°C ~ 70°C"; VariantName = "[No Variations]"
Change component parameters (AddParameter): Name = "Package / Case"; Value = "8-SOIC (3.9mm Width)"; VariantName = "[No Variations]"
Change component parameters (AddParameter): Name = "Packaging"; Value = "Tape & Reel (TR)"; VariantName = "[No Variations]"
Change component parameters (AddParameter): Name = "RoHS"; Value = "RoHS Compliant"; VariantName = "[No Variations]"
Change component parameters (AddParameter): Name = "Supplier"; Value = "Digi-Key"; VariantName = "[No Variations]"
Change component parameters (AddParameter): Name = "Supplier 1"; Value = "Digi-Key"; VariantName = "[No Variations]"
Change component parameters (AddParameter): Name = "Supplier Part Number"; Value = "497-1962-2-ND"; VariantName = "[No Variations]"
Change component parameters (AddParameter): Name = "Supplier Part Number 1"; Value = "497-1962-2-ND"; VariantName = "[No Variations]"
Change component parameters (AddParameter): Name = "Type"; Value = "555 Type, Timer/Oscillator (Single)"; VariantName = "[No Variations]"
Change component parameters (AddParameter): Name = "Voltage - Supply"; Value = "4.5 V ~ 16 V"; VariantName = "[No Variations]"
Change component parameters: Designator = "HC1"; Footprint = "751B-05_N"; UniqueID = "\OWPKNFBW"
Change component parameters. Clean all parameters for all variants
Change component parameters (AddParameter): Name = "Code_IPC"; Value = "SOIC127P600-16"; VariantName = "[No Variations]"
Change component parameters (AddParameter): Name = "Code_JEDEC"; Value = "MS-012-AC"; VariantName = "[No Variations]"
Change component parameters (AddParameter): Name = "ComponentLink1Description"; Value = "Manufacturer Link"; VariantName = "[No Variations]"
Change component parameters (AddParameter): Name = "ComponentLink1URL"; Value = "http://www.onsemi.com/site/products/parametrics/0,4446,47,00.html"; VariantName = "[No Variations]"
Change component parameters (AddParameter): Name = "ComponentLink2Description"; Value = "Datasheet"; VariantName = "[No Variations]"
Change component parameters (AddParameter): Name = "ComponentLink2URL"; Value = "http://www.onsemi.com/pub/Collateral/MC74HC4051A-D.PDF"; VariantName = "[No Variations]"
Change component parameters (AddParameter): Name = "DatasheetVersion"; Value = "Mar-2000"; VariantName = "[No Variations]"
Change component parameters (AddParameter): Name = "LatestRevisionDate"; Value = "13-Apr-2006"; VariantName = "[No Variations]"
Change component parameters (AddParameter): Name = "LatestRevisionNote"; Value = "IPC-7351 Footprint Added."; VariantName = "[No Variations]"
Change component parameters (AddParameter): Name = "PackageDescription"; Value = "16-Pin Small Outline Integrated Circuit 1.27 mm Pitch"; VariantName = "[No Variations]"
Change component parameters (AddParameter): Name = "PackageReference"; Value = "751B-05"; VariantName = "[No Variations]"
Change component parameters (AddParameter): Name = "PackageVersion"; Value = "May-1997"; VariantName = "[No Variations]"
Change component parameters (AddParameter): Name = "Published"; Value = "17-Jul-2002"; VariantName = "[No Variations]"
Change component parameters (AddParameter): Name = "Publisher"; Value = "Altium Limited"; VariantName = "[No Variations]"
Change component parameters (AddParameter): Name = "Supplier 1"; Value = "Farnell"; VariantName = "[No Variations]"
Change component parameters (AddParameter): Name = "Supplier Part Number 1"; Value = "1201328"; VariantName = "[No Variations]"
Change component parameters (AddParameter): Name = "Code_IPC"; Value = "SOIC127P600-16"; VariantName = "hc4052-tsop"
Change component parameters (AddParameter): Name = "Code_JEDEC"; Value = "MS-012-AC"; VariantName = "hc4052-tsop"
Change component parameters (AddParameter): Name = "ComponentLink1Description"; Value = "Manufacturer Link"; VariantName = "hc4052-tsop"
Change component parameters (AddParameter): Name = "ComponentLink1URL"; Value = "http://www.onsemi.com/site/products/parametrics/0,4446,47,00.html"; VariantName = "hc4052-tsop"
Change component parameters (AddParameter): Name = "ComponentLink2Description"; Value = "Datasheet"; VariantName = "hc4052-tsop"
Change component parameters (AddParameter): Name = "ComponentLink2URL"; Value = "http://www.onsemi.com/pub/Collateral/MC74HC4051A-D.PDF"; VariantName = "hc4052-tsop"
Change component parameters (AddParameter): Name = "DatasheetVersion"; Value = "Mar-2000"; VariantName = "hc4052-tsop"
Change component parameters (AddParameter): Name = "LatestRevisionDate"; Value = "13-Apr-2006"; VariantName = "hc4052-tsop"
Change component parameters (AddParameter): Name = "LatestRevisionNote"; Value = "IPC-7351 Footprint Added."; VariantName = "hc4052-tsop"
Change component parameters (AddParameter): Name = "PackageDescription"; Value = "16-Pin Small Outline Integrated Circuit 1.27 mm Pitch"; VariantName = "hc4052-tsop"
Change component parameters (AddParameter): Name = "PackageReference"; Value = "751B-05"; VariantName = "hc4052-tsop"
Change component parameters (AddParameter): Name = "PackageVersion"; Value = "May-1997"; VariantName = "hc4052-tsop"
Change component parameters (AddParameter): Name = "Published"; Value = "17-Jul-2002"; VariantName = "hc4052-tsop"
Change component parameters (AddParameter): Name = "Publisher"; Value = "Altium Limited"; VariantName = "hc4052-tsop"
Change component parameters (AddParameter): Name = "Supplier 1"; Value = "Farnell"; VariantName = "hc4052-tsop"
Change component parameters (AddParameter): Name = "Supplier Part Number 1"; Value = "1201328"; VariantName = "hc4052-tsop"
Change component parameters: Designator = "C5"; Footprint = "AVX-CAPC3528_V"; UniqueID = "\GMNPLAWU"
Change component parameters. Clean all parameters for all variants
Change component parameters (AddParameter): Name = "Capacitance"; Value = "10uF"; VariantName = "[No Variations]"
Change component parameters (AddParameter): Name = "ComponentLink1Description"; Value = "Manufacturer URL"; VariantName = "[No Variations]"
Change component parameters (AddParameter): Name = "ComponentLink1URL"; Value = "http://www.avx.com/"; VariantName = "[No Variations]"
Change component parameters (AddParameter): Name = "ComponentLink2Description"; Value = "Datasheet"; VariantName = "[No Variations]"
Change component parameters (AddParameter): Name = "ComponentLink2URL"; Value = "http://www.avx.com/docs/Catalogs/taj.pdf"; VariantName = "[No Variations]"
Change component parameters (AddParameter): Name = "DatasheetVersion"; Value = "Jun-13"; VariantName = "[No Variations]"
Change component parameters (AddParameter): Name = "Manufacturer"; Value = "AVX"; VariantName = "[No Variations]"
Change component parameters (AddParameter): Name = "Mounting Technology"; Value = "Surface Mount"; VariantName = "[No Variations]"
Change component parameters (AddParameter): Name = "PackageDescription"; Value = "2-Pin SMT Capacitor, 3.5 x 2.8 mm Body"; VariantName = "[No Variations]"
Change component parameters (AddParameter): Name = "PackageReference"; Value = "CAPC3528"; VariantName = "[No Variations]"
Change component parameters (AddParameter): Name = "PartNumber"; Value = "TAJB106K020R"; VariantName = "[No Variations]"
Change component parameters (AddParameter): Name = "Polarity"; Value = "Polarized"; VariantName = "[No Variations]"
Change component parameters (AddParameter): Name = "Rated Voltage"; Value = "20V"; VariantName = "[No Variations]"
Change component parameters (AddParameter): Name = "Supplier 1"; Value = "Farnell"; VariantName = "[No Variations]"
Change component parameters (AddParameter): Name = "Supplier Part Number 1"; Value = "197427"; VariantName = "[No Variations]"
Change component parameters (AddParameter): Name = "Technology"; Value = "Tantalum"; VariantName = "[No Variations]"
Change component parameters (AddParameter): Name = "Tolerance"; Value = "10%"; VariantName = "[No Variations]"
Change component parameters: Designator = "1"; Footprint = "TRIM_BOURNS_3296Y"; UniqueID = "\MGPNEUIR"
Change component parameters. Clean all parameters for all variants
Change component parameters (AddParameter): Name = "Author"; Value = "CERN DEM JLC"; VariantName = "[No Variations]"
Change component parameters (AddParameter): Name = "Case"; Value = "3296Y"; VariantName = "[No Variations]"
Change component parameters (AddParameter): Name = "ComponentHeight"; Value = "11.55mm"; VariantName = "[No Variations]"
Change component parameters (AddParameter): Name = "Component Type"; Value = "Standard"; VariantName = "[No Variations]"
Change component parameters (AddParameter): Name = "CreateDate"; Value = "20/10/2008"; VariantName = "[No Variations]"
Change component parameters (AddParameter): Name = "HelpURL"; Value = "\\cern.ch\dfs\Applications\Altium\Datasheets\TRIM_BOURNS_3296Y.pdf"; VariantName = "[No Variations]"
Change component parameters (AddParameter): Name = "LatestRevisionDate"; Value = "28/11/2012"; VariantName = "[No Variations]"
Change component parameters (AddParameter): Name = "Manufacturer"; Value = "BOURNS"; VariantName = "[No Variations]"
Change component parameters (AddParameter): Name = "Manufacturer Part Number"; Value = "3296Y-1-105LF"; VariantName = "[No Variations]"
Change component parameters (AddParameter): Name = "Mounted"; Value = "Yes"; VariantName = "[No Variations]"
Change component parameters (AddParameter): Name = "Part Description"; Value = "25 Turn Trimming Potentiometer (Top Adjustement)"; VariantName = "[No Variations]"
Change component parameters (AddParameter): Name = "Part Number"; Value = "TRIM_25T_1M_BOURNS_3296Y-1-105LF"; VariantName = "[No Variations]"
Change component parameters (AddParameter): Name = "Pin Count"; Value = "3"; VariantName = "[No Variations]"
Change component parameters (AddParameter): Name = "Power"; Value = "0.5W"; VariantName = "[No Variations]"
Change component parameters (AddParameter): Name = "SMD"; Value = "No"; VariantName = "[No Variations]"
Change component parameters (AddParameter): Name = "Socket"; Value = "No"; VariantName = "[No Variations]"
Change component parameters (AddParameter): Name = "Supplier 1"; Value = "Digi-Key"; VariantName = "[No Variations]"
Change component parameters (AddParameter): Name = "Supplier 2"; Value = "TME"; VariantName = "[No Variations]"
Change component parameters (AddParameter): Name = "Supplier 3"; Value = "Mouser"; VariantName = "[No Variations]"
Change component parameters (AddParameter): Name = "Supplier 4"; Value = "Arrow"; VariantName = "[No Variations]"
Change component parameters (AddParameter): Name = "Supplier 5"; Value = "Digi-Key"; VariantName = "[No Variations]"
Change component parameters (AddParameter): Name = "Supplier 6"; Value = "Farnell"; VariantName = "[No Variations]"
Change component parameters (AddParameter): Name = "Supplier 7"; Value = "Mouser"; VariantName = "[No Variations]"
Change component parameters (AddParameter): Name = "Supplier 8"; Value = "Allied"; VariantName = "[No Variations]"
Change component parameters (AddParameter): Name = "Supplier 9"; Value = "Farnell"; VariantName = "[No Variations]"
Change component parameters (AddParameter): Name = "Supplier Part Number 1"; Value = "3296W-105LF-ND"; VariantName = "[No Variations]"
Change component parameters (AddParameter): Name = "Supplier Part Number 2"; Value = "3296Y-1-105LF"; VariantName = "[No Variations]"
Change component parameters (AddParameter): Name = "Supplier Part Number 3"; Value = "652-3296Y-1-105"; VariantName = "[No Variations]"
Change component parameters (AddParameter): Name = "Supplier Part Number 4"; Value = "ggKPwAKS2sB7yfOEZhzQbC3wJOBqSkwgVY0iHxrkrLU"; VariantName = "[No Variations]"
Change component parameters (AddParameter): Name = "Supplier Part Number 5"; Value = "3296Y-105LF-ND"; VariantName = "[No Variations]"
Change component parameters (AddParameter): Name = "Supplier Part Number 6"; Value = "1141425"; VariantName = "[No Variations]"
Change component parameters (AddParameter): Name = "Supplier Part Number 7"; Value = "652-3296Y-1-105LF"; VariantName = "[No Variations]"
Change component parameters (AddParameter): Name = "Supplier Part Number 8"; Value = "70154400"; VariantName = "[No Variations]"
Change component parameters (AddParameter): Name = "Supplier Part Number 9"; Value = "9353542"; VariantName = "[No Variations]"
Change component parameters (AddParameter): Name = "Table"; Value = "Potentiometers THD"; VariantName = "[No Variations]"
Change component parameters (AddParameter): Name = "TC"; Value = "±100ppm/°C"; VariantName = "[No Variations]"
Change component parameters (AddParameter): Name = "Tolerance"; Value = "±10%"; VariantName = "[No Variations]"
Change component parameters (AddParameter): Name = "Value"; Value = "1M"; VariantName = "[No Variations]"
Added Component: Designator=P2(MHDR1X6)
Add component. Clean all parameters for all variants
Add component (AddParameter): Name = "LatestRevisionDate"; Value = "17-Jul-2002"; VariantName = "[No Variations]"
Add component (AddParameter): Name = "LatestRevisionNote"; Value = "Re-released for DXP Platform."; VariantName = "[No Variations]"
Add component (AddParameter): Name = "Publisher"; Value = "Altium Limited"; VariantName = "[No Variations]"
Add component (AddParameter): Name = "LatestRevisionDate"; Value = "17-Jul-2002"; VariantName = "box35x30"
Add component (AddParameter): Name = "LatestRevisionNote"; Value = "Re-released for DXP Platform."; VariantName = "box35x30"
Add component (AddParameter): Name = "Publisher"; Value = "Altium Limited"; VariantName = "box35x30"
Added Component: Designator=P3(MHDR1X4)
Add component. Clean all parameters for all variants
Add component (AddParameter): Name = "LatestRevisionDate"; Value = "17-Jul-2002"; VariantName = "[No Variations]"
Add component (AddParameter): Name = "LatestRevisionNote"; Value = "Re-released for DXP Platform."; VariantName = "[No Variations]"
Add component (AddParameter): Name = "Publisher"; Value = "Altium Limited"; VariantName = "[No Variations]"
Add component (AddParameter): Name = "LatestRevisionDate"; Value = "17-Jul-2002"; VariantName = "box35x30"
Add component (AddParameter): Name = "LatestRevisionNote"; Value = "Re-released for DXP Platform."; VariantName = "box35x30"
Add component (AddParameter): Name = "Publisher"; Value = "Altium Limited"; VariantName = "box35x30"
Added Component: Designator=U2(SOT-89_N)
Add component. Clean all parameters for all variants
Add component (AddParameter): Name = "ComponentLink1Description"; Value = "Manufacturer URL"; VariantName = "[No Variations]"
Add component (AddParameter): Name = "ComponentLink1URL"; Value = "http://www.st.com"; VariantName = "[No Variations]"
Add component (AddParameter): Name = "ComponentLink2Description"; Value = "Datasheet"; VariantName = "[No Variations]"
Add component (AddParameter): Name = "ComponentLink2URL"; Value = "http://www.st.com/internet/com/TECHNICAL_RESOURCES/TECHNICAL_LITERATURE/DATASHEET/CD00000446.pdf"; VariantName = "[No Variations]"
Add component (AddParameter): Name = "DatasheetVersion"; Value = "Feb-2011"; VariantName = "[No Variations]"
Add component (AddParameter): Name = "PackageDescription"; Value = "3-Pin SOT-89 Package 1.5 mm Pitch, 4.1 mm Lead Span"; VariantName = "[No Variations]"
Add component (AddParameter): Name = "PackageReference"; Value = "SOT-89"; VariantName = "[No Variations]"
Add component (AddParameter): Name = "PackageVersion"; Value = "2011"; VariantName = "[No Variations]"
Add component (AddParameter): Name = "PartNumber"; Value = "L78L05ACUTR"; VariantName = "[No Variations]"
Added Pin To Net: NetName=VIDEO_OUT1 Pin=P2-1
Added Pin To Net: NetName=GND Pin=P2-2
Added Pin To Net: NetName=V1_Y0 Pin=P2-3
Added Pin To Net: NetName=GND Pin=P2-4
Added Pin To Net: NetName=V1_Y1 Pin=P2-5
Added Pin To Net: NetName=GND Pin=P2-6
Added Pin To Net: NetName=BAT12V Pin=P3-1
Added Pin To Net: NetName=GND Pin=P3-2
Added Pin To Net: NetName=CAMERA+12V Pin=P3-3
Added Pin To Net: NetName=FROM_REVERSE Pin=P3-4
Added Pin To Net: NetName=FRONT_SW Pin=U1-4
Added Pin To Net: NetName=12V Pin=U2-1
Added Pin To Net: NetName=GND Pin=U2-2
Added Pin To Net: NetName=GND Pin=U2-2
Added Pin To Net: NetName=VCC Pin=U2-3
Change Net Name : Old Net Name=Net3296-TRRIMER-1M_2 New Net Name=Net1_2
Change Net Name : Old Net Name=NetC4_2 New Net Name=NetC3_2
Change Net Name : Old Net Name=NetR4_2 New Net Name=NetR10_2
Change Net Name : Old Net Name=NetR5_2 New Net Name=NetR6_2
Change Net Name : Old Net Name=V1_Y0 New Net Name=REAR_AV
Change Net Name : Old Net Name=V1_Y1 New Net Name=FRONT_AV
Added Pin To Net: NetName=Net1_1 Pin=1-1
Added Pin To Net: NetName=Net1_1 Pin=R1-1
Added Net: Name=Net1_1
Added Pin To Net: NetName=NetHC1_10 Pin=HC1-10
Added Net: Name=NetHC1_10
Added Net: Name=NetLD1_1
Added Member To Class: ClassName=Sheet2 Member=Component LDO2 L78L05ABUTR
Added Member To Class: ClassName=Sheet2 Member=Component P2 VIDEO
Added Member To Class: ClassName=Sheet2 Member=Component P3 MHDR1X4
Added Member To Class: ClassName=Sheet2 Member=Component R12 Res_0805
Added Member To Class: ClassName=Sheet2 Member=Component U2 L78L05ACUTR
Added Member To Class: ClassName=Sheet2 Member=Component U4 MC74HC4052DT
