Change Component Designator: Old Designator=3296-TRRIMER-1M New Designator=1
Change Component Designator: Old Designator=C2 New Designator=C1
Change Component Designator: Old Designator=C4 New Designator=C3
Change Component Designator: Old Designator=C5 New Designator=C4
Change Component Designator: Old Designator=C6 New Designator=C5
Change Component Designator: Old Designator=C22 New Designator=C2
Change Component Designator: Old Designator=FR.AV New Designator=FR.AV1
Change Component Designator: Old Designator=FRONT 12V New Designator=FRONT 1
Change Component Designator: Old Designator=FRONT New Designator=FRONT1
Change Component Designator: Old Designator=GFRONT New Designator=GFRONT1
Change Component Designator: Old Designator=GOUT New Designator=GOUT1
Change Component Designator: Old Designator=GREAR New Designator=GREAR1
Change Component Designator: Old Designator=HC4052 New Designator=HC1
Change Component Designator: Old Designator=LDO1-1 New Designator=LDO1
Change Component Designator: Old Designator=LDO1 New Designator=LDO2
Change Component Designator: Old Designator=OUT.AV New Designator=OUT.AV1
Change Component Designator: Old Designator=OUTPUT New Designator=OUTPUT1
Change Component Designator: Old Designator=P1 New Designator=P2
Change Component Designator: Old Designator=P2 New Designator=P1
Change Component Designator: Old Designator=R1 New Designator=R2
Change Component Designator: Old Designator=R2 New Designator=R3
Change Component Designator: Old Designator=R3 New Designator=R4
Change Component Designator: Old Designator=R4 New Designator=R10
Change Component Designator: Old Designator=R4TR New Designator=R1
Change Component Designator: Old Designator=R5 New Designator=R6
Change Component Designator: Old Designator=R6 New Designator=R7
Change Component Designator: Old Designator=R7 New Designator=R5
Change Component Designator: Old Designator=R8 New Designator=R9
Change Component Designator: Old Designator=R9 New Designator=R11
Change Component Designator: Old Designator=R9 New Designator=R12
Change Component Designator: Old Designator=R10 New Designator=R8
Change Component Designator: Old Designator=REAR 12v New Designator=REAR 1
Change Component Designator: Old Designator=REAR New Designator=REAR1
Change Component Designator: Old Designator=REAR.AV New Designator=REAR.AV1
Change Component Designator: Old Designator=U3 New Designator=U4
Change Component Designator: Old Designator=U4 New Designator=U3
